Build started 29/03/2016 17:47:42.
     1>Project "D:\rustam\Projects\TFG\App\lqc\lqc.vcxproj" on node 3 (Build target(s)).
     1>ClCompile:
         C:\Program Files (x86)\Microsoft Visual Studio 12.0\VC\bin\CL.exe /c /I..\include /ZI /nologo /W3 /WX- /Od /Oy- /D WIN32 /D _DEBUG /D _LIB /D _UNICODE /D UNICODE /Gm /EHsc /RTC1 /MDd /GS /fp:precise /Zc:wchar_t /Zc:forScope /Fo"Debug\\" /Fd"Debug\vc120.pdb" /Gd /TP /analyze- /errorReport:prompt src\Clustering\meanshift.cpp src\File\RAWLoader.cpp src\image\image.cpp src\Sampling\PoissonDisk.cpp src\Sampling\RangeList.cpp src\Sampling\ScallopedRegion.cpp src\Utils\Camera.cpp src\Utils\Color.cpp src\Utils\LHHistogram.cpp src\Utils\NumericalIntegration.cpp src\Utils\SievePrimes.cpp src\Utils\simplearoundcamera.cpp src\Utils\Utils.cpp src\Utils\Voxel.cpp
         Voxel.cpp
         Utils.cpp
     1>d:\rustam\projects\tfg\app\lqc\src\utils\utils.cpp(245): warning C4244: 'argument' : conversion from 'time_t' to 'unsigned int', possible loss of data
         simplearoundcamera.cpp
         SievePrimes.cpp
         NumericalIntegration.cpp
         LHHistogram.cpp
     1>d:\rustam\projects\tfg\app\include\math\matrix4.h(55): warning C4244: 'argument' : conversion from 'double' to 'float', possible loss of data
     1>d:\rustam\projects\tfg\app\include\math\matrix4.h(56): warning C4244: 'argument' : conversion from 'double' to 'float', possible loss of data
         Color.cpp
         Camera.cpp
         ScallopedRegion.cpp
         RangeList.cpp
         PoissonDisk.cpp
         image.cpp
         RAWLoader.cpp
     1>d:\rustam\projects\tfg\app\lqc\src\file\rawloader.cpp(15): warning C4996: 'fopen': This function or variable may be unsafe. Consider using fopen_s instead. To disable deprecation, use _CRT_SECURE_NO_WARNINGS. See online help for details.
                 c:\program files (x86)\microsoft visual studio 12.0\vc\include\stdio.h(211) : see declaration of 'fopen'
         meanshift.cpp
         Generating Code...
       Lib:
         C:\Program Files (x86)\Microsoft Visual Studio 12.0\VC\bin\Lib.exe /OUT:"D:\rustam\Projects\TFG\App\\lib\lqc\lqc_d.lib" math\math_d.lib /LIBPATH:..\lib /NOLOGO Debug\meanshift.obj
         Debug\RAWLoader.obj
         Debug\image.obj
         Debug\PoissonDisk.obj
         Debug\RangeList.obj
         Debug\ScallopedRegion.obj
         Debug\Camera.obj
         Debug\Color.obj
         Debug\LHHistogram.obj
         Debug\NumericalIntegration.obj
         Debug\SievePrimes.obj
         Debug\simplearoundcamera.obj
         Debug\Utils.obj
         Debug\Voxel.obj
         Replacing Debug\Camera.obj
     1>Camera.obj : warning LNK4221: This object file does not define any previously undefined public symbols, so it will not be used by any link operation that consumes this library
         lqc.vcxproj -> D:\rustam\Projects\TFG\App\\lib\lqc\lqc_d.lib
     1>Done Building Project "D:\rustam\Projects\TFG\App\lqc\lqc.vcxproj" (Build target(s)).

Build succeeded.

Time Elapsed 00:00:05.34
