d:\rustam\volumerendering\app\lqc\debug\vc120.pdb
d:\rustam\volumerendering\app\lqc\debug\vc120.idb
d:\rustam\volumerendering\app\lqc\debug\meanshift.obj
d:\rustam\volumerendering\app\lqc\debug\rawloader.obj
d:\rustam\volumerendering\app\lqc\debug\image.obj
d:\rustam\volumerendering\app\lqc\debug\poissondisk.obj
d:\rustam\volumerendering\app\lqc\debug\rangelist.obj
d:\rustam\volumerendering\app\lqc\debug\scallopedregion.obj
d:\rustam\volumerendering\app\lqc\debug\camera.obj
d:\rustam\volumerendering\app\lqc\debug\color.obj
d:\rustam\volumerendering\app\lqc\debug\lhhistogram.obj
d:\rustam\volumerendering\app\lqc\debug\numericalintegration.obj
d:\rustam\volumerendering\app\lqc\debug\sieveprimes.obj
d:\rustam\volumerendering\app\lqc\debug\simplearoundcamera.obj
d:\rustam\volumerendering\app\lqc\debug\utils.obj
d:\rustam\volumerendering\app\lqc\debug\voxel.obj
d:\rustam\volumerendering\app\lib\lqc\lqc_d.lib
d:\rustam\volumerendering\app\\lib\lqc\lqc_d.lib
d:\rustam\volumerendering\app\lqc\debug\_lib_lqc.tlog\cl.command.1.tlog
d:\rustam\volumerendering\app\lqc\debug\_lib_lqc.tlog\cl.read.1.tlog
d:\rustam\volumerendering\app\lqc\debug\_lib_lqc.tlog\cl.write.1.tlog
d:\rustam\volumerendering\app\lqc\debug\_lib_lqc.tlog\lib-link.read.1.tlog
d:\rustam\volumerendering\app\lqc\debug\_lib_lqc.tlog\lib-link.write.1.tlog
d:\rustam\volumerendering\app\lqc\debug\_lib_lqc.tlog\lib.command.1.tlog
