Build started 29/03/2016 17:50:37.
     1>Project "D:\rustam\Projects\TFG\App\lqc_volrend\volrend.vcxproj" on node 2 (Build target(s)).
     1>ClCompile:
         C:\Program Files (x86)\Microsoft Visual Studio 12.0\VC\bin\CL.exe /c /I..\include /Zi /nologo /W3 /WX- /O2 /Oi /Oy- /GL /D WIN32 /D NDEBUG /D _LIB /D _UNICODE /D UNICODE /Gm- /EHsc /MD /GS /Gy /fp:precise /Zc:wchar_t /Zc:forScope /Fo"Release\\" /Fd"Release\vc120.pdb" /Gd /TP /analyze- /errorReport:prompt src\Reader.cpp src\TransferFunction.cpp src\TransferFunction1D.cpp src\TransferFunctionGersa.cpp src\TransferFunctionGroups.cpp src\Utils.cpp src\Volume.cpp
         Reader.cpp
     1>D:\rustam\Projects\TFG\App\include\volrend/Volume.h(41): warning C4244: 'return' : conversion from 'float' to 'int', possible loss of data
     1>D:\rustam\Projects\TFG\App\include\volrend/TransferFunctions_tf.h(80): warning C4244: '=' : conversion from 'double' to 'float', possible loss of data
     1>D:\rustam\Projects\TFG\App\include\volrend/TransferFunctions_tf.h(81): warning C4244: '=' : conversion from 'double' to 'float', possible loss of data
     1>D:\rustam\Projects\TFG\App\include\volrend/TransferFunctions_tf.h(82): warning C4244: '=' : conversion from 'double' to 'float', possible loss of data
     1>D:\rustam\Projects\TFG\App\include\volrend/TransferFunctions_tf.h(83): warning C4244: '=' : conversion from 'double' to 'float', possible loss of data
     1>src\Reader.cpp(348): warning C4244: '=' : conversion from 'int' to 'float', possible loss of data
     1>src\Reader.cpp(443): warning C4996: 'fopen': This function or variable may be unsafe. Consider using fopen_s instead. To disable deprecation, use _CRT_SECURE_NO_WARNINGS. See online help for details.
                 C:\Program Files (x86)\Microsoft Visual Studio 12.0\VC\include\stdio.h(211) : see declaration of 'fopen'
     1>src\Reader.cpp(456): warning C4996: 'fscanf': This function or variable may be unsafe. Consider using fscanf_s instead. To disable deprecation, use _CRT_SECURE_NO_WARNINGS. See online help for details.
                 C:\Program Files (x86)\Microsoft Visual Studio 12.0\VC\include\stdio.h(230) : see declaration of 'fscanf'
     1>src\Reader.cpp(458): warning C4996: 'fscanf': This function or variable may be unsafe. Consider using fscanf_s instead. To disable deprecation, use _CRT_SECURE_NO_WARNINGS. See online help for details.
                 C:\Program Files (x86)\Microsoft Visual Studio 12.0\VC\include\stdio.h(230) : see declaration of 'fscanf'
     1>src\Reader.cpp(482): warning C4996: 'fscanf': This function or variable may be unsafe. Consider using fscanf_s instead. To disable deprecation, use _CRT_SECURE_NO_WARNINGS. See online help for details.
                 C:\Program Files (x86)\Microsoft Visual Studio 12.0\VC\include\stdio.h(230) : see declaration of 'fscanf'
     1>src\Reader.cpp(492): warning C4996: 'fscanf': This function or variable may be unsafe. Consider using fscanf_s instead. To disable deprecation, use _CRT_SECURE_NO_WARNINGS. See online help for details.
                 C:\Program Files (x86)\Microsoft Visual Studio 12.0\VC\include\stdio.h(230) : see declaration of 'fscanf'
     1>src\Reader.cpp(496): warning C4996: 'fscanf': This function or variable may be unsafe. Consider using fscanf_s instead. To disable deprecation, use _CRT_SECURE_NO_WARNINGS. See online help for details.
                 C:\Program Files (x86)\Microsoft Visual Studio 12.0\VC\include\stdio.h(230) : see declaration of 'fscanf'
         TransferFunction.cpp
         TransferFunction1D.cpp
         TransferFunctionGersa.cpp
         TransferFunctionGroups.cpp
         Utils.cpp
     1>D:\rustam\Projects\TFG\App\include\volrend/Utils.h(4): warning C4067: unexpected tokens following preprocessor directive - expected a newline
     1>D:\rustam\Projects\TFG\App\include\volrend/volume.h(41): warning C4244: 'return' : conversion from 'float' to 'int', possible loss of data
     1>D:\rustam\Projects\TFG\App\include\math/Matrix4.h(55): warning C4244: 'argument' : conversion from 'double' to 'float', possible loss of data
     1>D:\rustam\Projects\TFG\App\include\math/Matrix4.h(56): warning C4244: 'argument' : conversion from 'double' to 'float', possible loss of data
     1>src\Utils.cpp(24): warning C4101: 'max' : unreferenced local variable
     1>src\Utils.cpp(57): warning C4244: 'argument' : conversion from 'double' to 'float', possible loss of data
     1>src\Utils.cpp(94): warning C4244: '=' : conversion from 'int' to 'float', possible loss of data
     1>src\Utils.cpp(95): warning C4244: '=' : conversion from 'int' to 'float', possible loss of data
     1>src\Utils.cpp(96): warning C4244: '=' : conversion from 'int' to 'float', possible loss of data
     1>src\Utils.cpp(97): warning C4244: '=' : conversion from 'int' to 'float', possible loss of data
     1>src\Utils.cpp(98): warning C4244: '=' : conversion from 'int' to 'float', possible loss of data
     1>src\Utils.cpp(99): warning C4244: '=' : conversion from 'int' to 'float', possible loss of data
         Volume.cpp
     1>D:\rustam\Projects\TFG\App\include\volrend/Volume.h(41): warning C4244: 'return' : conversion from 'float' to 'int', possible loss of data
     1>D:\rustam\Projects\TFG\App\include\math/Matrix4.h(55): warning C4244: 'argument' : conversion from 'double' to 'float', possible loss of data
     1>D:\rustam\Projects\TFG\App\include\math/Matrix4.h(56): warning C4244: 'argument' : conversion from 'double' to 'float', possible loss of data
     1>src\Volume.cpp(252): warning C4018: '<' : signed/unsigned mismatch
     1>src\Volume.cpp(253): warning C4018: '<' : signed/unsigned mismatch
     1>src\Volume.cpp(254): warning C4018: '<' : signed/unsigned mismatch
       Lib:
         C:\Program Files (x86)\Microsoft Visual Studio 12.0\VC\bin\Lib.exe /OUT:"D:\rustam\Projects\TFG\App\\lib\volrend\volrend.lib" /LIBPATH:..\lib /NOLOGO /LTCG Release\Reader.obj
         Release\TransferFunction.obj
         Release\TransferFunction1D.obj
         Release\TransferFunctionGersa.obj
         Release\TransferFunctionGroups.obj
         Release\Utils.obj
         Release\Volume.obj
         volrend.vcxproj -> D:\rustam\Projects\TFG\App\\lib\volrend\volrend.lib
     1>Done Building Project "D:\rustam\Projects\TFG\App\lqc_volrend\volrend.vcxproj" (Build target(s)).

Build succeeded.

Time Elapsed 00:00:04.51
