Build started 29/03/2016 17:47:36.
     1>Project "D:\rustam\Projects\TFG\App\lqc_volrend\volrend.vcxproj" on node 2 (Build target(s)).
     1>ClCompile:
         C:\Program Files (x86)\Microsoft Visual Studio 12.0\VC\bin\CL.exe /c /I..\include /ZI /nologo /W3 /WX- /Od /Oy- /D WIN32 /D _DEBUG /D _LIB /D _UNICODE /D UNICODE /Gm /EHsc /RTC1 /MDd /GS /fp:precise /Zc:wchar_t /Zc:forScope /Fo"Debug\\" /Fd"Debug\vc120.pdb" /Gd /TP /analyze- /errorReport:prompt src\Reader.cpp src\TransferFunction.cpp src\TransferFunction1D.cpp src\TransferFunctionGersa.cpp src\TransferFunctionGroups.cpp src\Utils.cpp src\Volume.cpp
         Volume.cpp
     1>d:\rustam\projects\tfg\app\include\volrend\volume.h(41): warning C4244: 'return' : conversion from 'float' to 'int', possible loss of data
     1>d:\rustam\projects\tfg\app\include\math\matrix4.h(55): warning C4244: 'argument' : conversion from 'double' to 'float', possible loss of data
     1>d:\rustam\projects\tfg\app\include\math\matrix4.h(56): warning C4244: 'argument' : conversion from 'double' to 'float', possible loss of data
     1>d:\rustam\projects\tfg\app\lqc_volrend\src\volume.cpp(252): warning C4018: '<' : signed/unsigned mismatch
     1>d:\rustam\projects\tfg\app\lqc_volrend\src\volume.cpp(253): warning C4018: '<' : signed/unsigned mismatch
     1>d:\rustam\projects\tfg\app\lqc_volrend\src\volume.cpp(254): warning C4018: '<' : signed/unsigned mismatch
         Utils.cpp
     1>d:\rustam\projects\tfg\app\include\volrend\utils.h(4): warning C4067: unexpected tokens following preprocessor directive - expected a newline
     1>d:\rustam\projects\tfg\app\include\volrend\volume.h(41): warning C4244: 'return' : conversion from 'float' to 'int', possible loss of data
     1>d:\rustam\projects\tfg\app\include\math\matrix4.h(55): warning C4244: 'argument' : conversion from 'double' to 'float', possible loss of data
     1>d:\rustam\projects\tfg\app\include\math\matrix4.h(56): warning C4244: 'argument' : conversion from 'double' to 'float', possible loss of data
     1>d:\rustam\projects\tfg\app\lqc_volrend\src\utils.cpp(24): warning C4101: 'max' : unreferenced local variable
     1>d:\rustam\projects\tfg\app\lqc_volrend\src\utils.cpp(57): warning C4244: 'argument' : conversion from 'double' to 'float', possible loss of data
     1>d:\rustam\projects\tfg\app\lqc_volrend\src\utils.cpp(94): warning C4244: '=' : conversion from 'int' to 'float', possible loss of data
     1>d:\rustam\projects\tfg\app\lqc_volrend\src\utils.cpp(95): warning C4244: '=' : conversion from 'int' to 'float', possible loss of data
     1>d:\rustam\projects\tfg\app\lqc_volrend\src\utils.cpp(96): warning C4244: '=' : conversion from 'int' to 'float', possible loss of data
     1>d:\rustam\projects\tfg\app\lqc_volrend\src\utils.cpp(97): warning C4244: '=' : conversion from 'int' to 'float', possible loss of data
     1>d:\rustam\projects\tfg\app\lqc_volrend\src\utils.cpp(98): warning C4244: '=' : conversion from 'int' to 'float', possible loss of data
     1>d:\rustam\projects\tfg\app\lqc_volrend\src\utils.cpp(99): warning C4244: '=' : conversion from 'int' to 'float', possible loss of data
         TransferFunctionGroups.cpp
         TransferFunctionGersa.cpp
         TransferFunction1D.cpp
         TransferFunction.cpp
         Reader.cpp
     1>d:\rustam\projects\tfg\app\include\volrend\volume.h(41): warning C4244: 'return' : conversion from 'float' to 'int', possible loss of data
     1>d:\rustam\projects\tfg\app\include\volrend\transferfunctions_tf.h(80): warning C4244: '=' : conversion from 'double' to 'float', possible loss of data
     1>d:\rustam\projects\tfg\app\include\volrend\transferfunctions_tf.h(81): warning C4244: '=' : conversion from 'double' to 'float', possible loss of data
     1>d:\rustam\projects\tfg\app\include\volrend\transferfunctions_tf.h(82): warning C4244: '=' : conversion from 'double' to 'float', possible loss of data
     1>d:\rustam\projects\tfg\app\include\volrend\transferfunctions_tf.h(83): warning C4244: '=' : conversion from 'double' to 'float', possible loss of data
     1>d:\rustam\projects\tfg\app\lqc_volrend\src\reader.cpp(348): warning C4244: '=' : conversion from 'int' to 'float', possible loss of data
     1>d:\rustam\projects\tfg\app\lqc_volrend\src\reader.cpp(443): warning C4996: 'fopen': This function or variable may be unsafe. Consider using fopen_s instead. To disable deprecation, use _CRT_SECURE_NO_WARNINGS. See online help for details.
                 c:\program files (x86)\microsoft visual studio 12.0\vc\include\stdio.h(211) : see declaration of 'fopen'
     1>d:\rustam\projects\tfg\app\lqc_volrend\src\reader.cpp(456): warning C4996: 'fscanf': This function or variable may be unsafe. Consider using fscanf_s instead. To disable deprecation, use _CRT_SECURE_NO_WARNINGS. See online help for details.
                 c:\program files (x86)\microsoft visual studio 12.0\vc\include\stdio.h(230) : see declaration of 'fscanf'
     1>d:\rustam\projects\tfg\app\lqc_volrend\src\reader.cpp(458): warning C4996: 'fscanf': This function or variable may be unsafe. Consider using fscanf_s instead. To disable deprecation, use _CRT_SECURE_NO_WARNINGS. See online help for details.
                 c:\program files (x86)\microsoft visual studio 12.0\vc\include\stdio.h(230) : see declaration of 'fscanf'
     1>d:\rustam\projects\tfg\app\lqc_volrend\src\reader.cpp(482): warning C4996: 'fscanf': This function or variable may be unsafe. Consider using fscanf_s instead. To disable deprecation, use _CRT_SECURE_NO_WARNINGS. See online help for details.
                 c:\program files (x86)\microsoft visual studio 12.0\vc\include\stdio.h(230) : see declaration of 'fscanf'
     1>d:\rustam\projects\tfg\app\lqc_volrend\src\reader.cpp(492): warning C4996: 'fscanf': This function or variable may be unsafe. Consider using fscanf_s instead. To disable deprecation, use _CRT_SECURE_NO_WARNINGS. See online help for details.
                 c:\program files (x86)\microsoft visual studio 12.0\vc\include\stdio.h(230) : see declaration of 'fscanf'
     1>d:\rustam\projects\tfg\app\lqc_volrend\src\reader.cpp(496): warning C4996: 'fscanf': This function or variable may be unsafe. Consider using fscanf_s instead. To disable deprecation, use _CRT_SECURE_NO_WARNINGS. See online help for details.
                 c:\program files (x86)\microsoft visual studio 12.0\vc\include\stdio.h(230) : see declaration of 'fscanf'
         Generating Code...
       Lib:
         C:\Program Files (x86)\Microsoft Visual Studio 12.0\VC\bin\Lib.exe /OUT:"D:\rustam\Projects\TFG\App\\lib\volrend\volrend_d.lib" math\math_d.lib /LIBPATH:..\lib /NOLOGO Debug\Reader.obj
         Debug\TransferFunction.obj
         Debug\TransferFunction1D.obj
         Debug\TransferFunctionGersa.obj
         Debug\TransferFunctionGroups.obj
         Debug\Utils.obj
         Debug\Volume.obj
         volrend.vcxproj -> D:\rustam\Projects\TFG\App\\lib\volrend\volrend_d.lib
     1>Done Building Project "D:\rustam\Projects\TFG\App\lqc_volrend\volrend.vcxproj" (Build target(s)).

Build succeeded.

Time Elapsed 00:00:05.08
