d:\rustam\volumerendering\app\bin\win32\debug\volumerenderingiup\vc120.pdb
d:\rustam\volumerendering\app\bin\win32\debug\volumerenderingiup\vc120.idb
d:\rustam\volumerendering\app\bin\win32\debug\volumerenderingiup\userinterfaceequidistant.obj
d:\rustam\volumerendering\app\bin\win32\debug\volumerenderingiup\viewmethodequidistant.obj
d:\rustam\volumerendering\app\bin\win32\debug\volumerenderingiup\ern2drenderer.obj
d:\rustam\volumerendering\app\bin\win32\debug\volumerenderingiup\ern2duserinterface.obj
d:\rustam\volumerendering\app\bin\win32\debug\volumerenderingiup\ern2dviewmethod.obj
d:\rustam\volumerendering\app\bin\win32\debug\volumerenderingiup\volume2d.obj
d:\rustam\volumerendering\app\bin\win32\debug\volumerenderingiup\ernrenderer.obj
d:\rustam\volumerendering\app\bin\win32\debug\volumerenderingiup\ernuserinterface.obj
d:\rustam\volumerendering\app\bin\win32\debug\volumerenderingiup\ernviewmethod.obj
d:\rustam\volumerendering\app\bin\win32\debug\volumerenderingiup\gbuffer.obj
d:\rustam\volumerendering\app\bin\win32\debug\volumerenderingiup\rendererglsl2p.obj
d:\rustam\volumerendering\app\bin\win32\debug\volumerenderingiup\userinterfaceglsl2p.obj
d:\rustam\volumerendering\app\bin\win32\debug\volumerenderingiup\viewmethodglsl2p.obj
d:\rustam\volumerendering\app\bin\win32\debug\volumerenderingiup\rendererias.obj
d:\rustam\volumerendering\app\bin\win32\debug\volumerenderingiup\userinterfaceias.obj
d:\rustam\volumerendering\app\bin\win32\debug\volumerenderingiup\viewmethodias.obj
d:\rustam\volumerendering\app\bin\win32\debug\volumerenderingiup\main.obj
d:\rustam\volumerendering\app\bin\win32\debug\volumerenderingiup\transferfunctionsviewer.obj
d:\rustam\volumerendering\app\bin\win32\debug\volumerenderingiup\viewer.obj
d:\rustam\volumerendering\app\bin\win32\debug\volumerenderingiup\viewerinterface.obj
d:\rustam\volumerendering\app\bin\win32\debug\volumerenderingiup\coupled.obj
d:\rustam\volumerendering\app\bin\win32\debug\volumerenderingiup\decoupled.obj
d:\rustam\volumerendering\app\bin\win32\debug\volumerenderingiup\evaluator.obj
d:\rustam\volumerendering\app\bin\win32\debug\volumerenderingiup\renderercpu.obj
d:\rustam\volumerendering\app\bin\win32\debug\volumerenderingiup\riemannsummation.obj
d:\rustam\volumerendering\app\bin\win32\debug\volumerenderingiup\simpsonerrorhalfprojectionintegrator.obj
d:\rustam\volumerendering\app\bin\win32\debug\volumerenderingiup\simpsonerrorintegrator.obj
d:\rustam\volumerendering\app\bin\win32\debug\volumerenderingiup\simpsonerrorhalfintegrator.obj
d:\rustam\volumerendering\app\bin\win32\debug\volumerenderingiup\simpsonerrorprojectionintegrator.obj
d:\rustam\volumerendering\app\bin\win32\debug\volumerenderingiup\simpsonerrorquadraticintegrator.obj
d:\rustam\volumerendering\app\bin\win32\debug\volumerenderingiup\simpsonhalfintegrator.obj
d:\rustam\volumerendering\app\bin\win32\debug\volumerenderingiup\simpsonhalfiterateintegrator.obj
d:\rustam\volumerendering\app\bin\win32\debug\volumerenderingiup\simpsonhalfiteratorriemannerror.obj
d:\rustam\volumerendering\app\bin\win32\debug\volumerenderingiup\simpsonhalfqueueintegrator.obj
d:\rustam\volumerendering\app\bin\win32\debug\volumerenderingiup\simpsonintegrator.obj
d:\rustam\volumerendering\app\bin\win32\debug\volumerenderingiup\simpsonrule.obj
d:\rustam\volumerendering\app\bin\win32\debug\volumerenderingiup\userinterfacecpu.obj
d:\rustam\volumerendering\app\bin\win32\debug\volumerenderingiup\viewmethodcpu.obj
d:\rustam\volumerendering\app\bin\win32\debug\volumerenderingiup\volumeevaluator.obj
d:\rustam\volumerendering\app\bin\win32\debug\volumerenderingiup\rendererequidistant.obj
d:\rustam\volumerendering\app\bin\win32\debug\volumerenderingiup\rendereradaptive.obj
d:\rustam\volumerendering\app\bin\win32\debug\volumerenderingiup\userinterfaceadaptive.obj
d:\rustam\volumerendering\app\bin\win32\debug\volumerenderingiup\viewmethodadaptive.obj
d:\rustam\volumerendering\app\bin\win32\debug\volumerenderingiup\cputimer.obj
d:\rustam\volumerendering\app\bin\win32\debug\volumerenderingiup\volumere.f897dab0.tlog\cl.command.1.tlog
d:\rustam\volumerendering\app\bin\win32\debug\volumerenderingiup\volumere.f897dab0.tlog\cl.read.1.tlog
d:\rustam\volumerendering\app\bin\win32\debug\volumerenderingiup\volumere.f897dab0.tlog\cl.write.1.tlog
d:\rustam\volumerendering\app\bin\win32\debug\volumerenderingiup\volumere.f897dab0.tlog\link.command.1.tlog
d:\rustam\volumerendering\app\bin\win32\debug\volumerenderingiup\volumere.f897dab0.tlog\link.read.1.tlog
d:\rustam\volumerendering\app\bin\win32\debug\volumerenderingiup\volumere.f897dab0.tlog\link.write.1.tlog
