Build started 29/03/2016 17:50:47.
     1>Project "D:\rustam\Projects\TFG\App\VolumeRendering\IupVolumeRendering.vcxproj" on node 4 (Build target(s)).
     1>ClCompile:
         C:\Program Files (x86)\Microsoft Visual Studio 12.0\VC\bin\CL.exe /c /I..\include /I..\include\pthreads_w32 /I..\include\iup_3_11_1 /I...\include\cd_5_8\Win32 /I..\include\im_3_9 /Zi /nologo /W3 /WX- /O2 /Oi /Oy- /D WIN32 /D NDEBUG /D _CONSOLE /D _LIB /D _UNICODE /D UNICODE /Gm- /EHsc /MD /GS /Gy /fp:precise /Zc:wchar_t /Zc:forScope /Fo"D:\rustam\Projects\TFG\App\\bin\Win32\Release\volumerenderingiup\\" /Fd"D:\rustam\Projects\TFG\App\\bin\Win32\Release\volumerenderingiup\vc120.pdb" /Gd /TP /analyze- /errorReport:prompt src\AdaptiveEvaluation\RendererAdaptive.cpp src\AdaptiveEvaluation\UserInterfaceAdaptive.cpp src\AdaptiveEvaluation\ViewMethodAdaptive.cpp src\CPUTimer.cpp src\CPU\Coupled.cpp src\CPU\Decoupled.cpp src\CPU\Evaluator.cpp src\CPU\RendererCPU.cpp src\CPU\RiemannSummation.cpp src\CPU\SimpsonErrorHalfProjectionIntegrator.cpp src\CPU\SimpsonErrorIntegrator.cpp src\CPU\SimpsonErrorHalfIntegrator.cpp src\CPU\SimpsonErrorProjectionIntegrator.cpp src\CPU\SimpsonErrorQuadraticIntegrator.cpp src\CPU\SimpsonHalfIntegrator.cpp src\CPU\SimpsonHalfIterateIntegrator.cpp src\CPU\SimpsonHalfIteratorRiemannError.cpp src\CPU\SimpsonHalfQueueIntegrator.cpp src\CPU\SimpsonIntegrator.cpp src\CPU\SimpsonRule.cpp src\CPU\UserInterfaceCPU.cpp src\CPU\ViewMethodCPU.cpp src\CPU\VolumeEvaluator.cpp src\EquidistantEvaluation\RendererEquidistant.cpp src\EquidistantEvaluation\UserInterfaceEquidistant.cpp src\EquidistantEvaluation\ViewMethodEquidistant.cpp src\ERN2D\ERN2DRenderer.cpp src\ERN2D\ERN2DUserInterface.cpp src\ERN2D\ERN2DViewMethod.cpp src\ERN2D\Volume2D.cpp src\ERN\ERNRenderer.cpp src\ERN\ERNUserInterface.cpp src\ERN\ERNViewMethod.cpp src\gbuffer.cpp src\GLSL2P\RendererGLSL2P.cpp src\GLSL2P\UserInterfaceGLSL2P.cpp src\GLSL2P\ViewMethodGLSL2P.cpp src\IAS\RendererIAS.cpp src\IAS\UserInterfaceIAS.cpp src\IAS\ViewMethodIAS.cpp src\main.cpp src\TransferFunctionViewer\TransferFunctionsViewer.cpp src\Viewer.cpp src\ViewerInterface.cpp
         RendererAdaptive.cpp
     1>D:\rustam\Projects\TFG\App\include\volrend/Utils.h(4): warning C4067: unexpected tokens following preprocessor directive - expected a newline
     1>D:\rustam\Projects\TFG\App\include\volrend/volume.h(41): warning C4244: 'return' : conversion from 'float' to 'int', possible loss of data
     1>D:\rustam\Projects\TFG\App\include\math/Matrix4.h(55): warning C4244: 'argument' : conversion from 'double' to 'float', possible loss of data
     1>D:\rustam\Projects\TFG\App\include\math/Matrix4.h(56): warning C4244: 'argument' : conversion from 'double' to 'float', possible loss of data
         UserInterfaceAdaptive.cpp
     1>D:\rustam\Projects\TFG\App\include\volrend/Volume.h(41): warning C4244: 'return' : conversion from 'float' to 'int', possible loss of data
     1>D:\rustam\Projects\TFG\App\include\volrend/Utils.h(4): warning C4067: unexpected tokens following preprocessor directive - expected a newline
     1>D:\rustam\Projects\TFG\App\include\math/Matrix4.h(55): warning C4244: 'argument' : conversion from 'double' to 'float', possible loss of data
     1>D:\rustam\Projects\TFG\App\include\math/Matrix4.h(56): warning C4244: 'argument' : conversion from 'double' to 'float', possible loss of data
         ViewMethodAdaptive.cpp
     1>D:\rustam\Projects\TFG\App\include\volrend/Volume.h(41): warning C4244: 'return' : conversion from 'float' to 'int', possible loss of data
     1>D:\rustam\Projects\TFG\App\include\volrend/Utils.h(4): warning C4067: unexpected tokens following preprocessor directive - expected a newline
     1>D:\rustam\Projects\TFG\App\include\math/Matrix4.h(55): warning C4244: 'argument' : conversion from 'double' to 'float', possible loss of data
     1>D:\rustam\Projects\TFG\App\include\math/Matrix4.h(56): warning C4244: 'argument' : conversion from 'double' to 'float', possible loss of data
         CPUTimer.cpp
         Coupled.cpp
     1>D:\rustam\Projects\TFG\App\include\volrend/Volume.h(41): warning C4244: 'return' : conversion from 'float' to 'int', possible loss of data
     1>d:\rustam\projects\tfg\app\volumerendering\src\cpu\Evaluator.h(373): warning C4018: '<' : signed/unsigned mismatch
     1>d:\rustam\projects\tfg\app\volumerendering\src\cpu\Evaluator.h(384): warning C4018: '<' : signed/unsigned mismatch
     1>d:\rustam\projects\tfg\app\volumerendering\src\cpu\Evaluator.h(399): warning C4018: '<' : signed/unsigned mismatch
         Decoupled.cpp
     1>D:\rustam\Projects\TFG\App\include\volrend/Volume.h(41): warning C4244: 'return' : conversion from 'float' to 'int', possible loss of data
     1>d:\rustam\projects\tfg\app\volumerendering\src\cpu\Evaluator.h(373): warning C4018: '<' : signed/unsigned mismatch
     1>d:\rustam\projects\tfg\app\volumerendering\src\cpu\Evaluator.h(384): warning C4018: '<' : signed/unsigned mismatch
     1>d:\rustam\projects\tfg\app\volumerendering\src\cpu\Evaluator.h(399): warning C4018: '<' : signed/unsigned mismatch
         Evaluator.cpp
     1>D:\rustam\Projects\TFG\App\include\volrend/Volume.h(41): warning C4244: 'return' : conversion from 'float' to 'int', possible loss of data
     1>d:\rustam\projects\tfg\app\volumerendering\src\cpu\Evaluator.h(373): warning C4018: '<' : signed/unsigned mismatch
     1>d:\rustam\projects\tfg\app\volumerendering\src\cpu\Evaluator.h(384): warning C4018: '<' : signed/unsigned mismatch
     1>d:\rustam\projects\tfg\app\volumerendering\src\cpu\Evaluator.h(399): warning C4018: '<' : signed/unsigned mismatch
     1>src\CPU\Evaluator.cpp(85): warning C4244: 'argument' : conversion from 'double' to 'float', possible loss of data
         RendererCPU.cpp
     1>D:\rustam\Projects\TFG\App\include\volrend/Volume.h(41): warning C4244: 'return' : conversion from 'float' to 'int', possible loss of data
     1>D:\rustam\Projects\TFG\App\include\math/Matrix4.h(55): warning C4244: 'argument' : conversion from 'double' to 'float', possible loss of data
     1>D:\rustam\Projects\TFG\App\include\math/Matrix4.h(56): warning C4244: 'argument' : conversion from 'double' to 'float', possible loss of data
     1>D:\rustam\Projects\TFG\App\include\raytracer/Camera/RTCamera.h(22): warning C4091: 'typedef ' : ignored on left of 'rt::Struct_RTCamera_init' when no variable is declared
     1>d:\rustam\projects\tfg\app\volumerendering\src\cpu\Evaluator.h(373): warning C4018: '<' : signed/unsigned mismatch
     1>d:\rustam\projects\tfg\app\volumerendering\src\cpu\Evaluator.h(384): warning C4018: '<' : signed/unsigned mismatch
     1>d:\rustam\projects\tfg\app\volumerendering\src\cpu\Evaluator.h(399): warning C4018: '<' : signed/unsigned mismatch
         RiemannSummation.cpp
     1>D:\rustam\Projects\TFG\App\include\volrend/Volume.h(41): warning C4244: 'return' : conversion from 'float' to 'int', possible loss of data
     1>d:\rustam\projects\tfg\app\volumerendering\src\cpu\Evaluator.h(373): warning C4018: '<' : signed/unsigned mismatch
     1>d:\rustam\projects\tfg\app\volumerendering\src\cpu\Evaluator.h(384): warning C4018: '<' : signed/unsigned mismatch
     1>d:\rustam\projects\tfg\app\volumerendering\src\cpu\Evaluator.h(399): warning C4018: '<' : signed/unsigned mismatch
     1>src\CPU\RiemannSummation.cpp(28): warning C4244: 'argument' : conversion from 'double' to 'float', possible loss of data
     1>src\CPU\RiemannSummation.cpp(110): warning C4244: 'argument' : conversion from 'double' to 'float', possible loss of data
     1>src\CPU\RiemannSummation.cpp(174): warning C4244: 'argument' : conversion from 'double' to 'float', possible loss of data
     1>src\CPU\RiemannSummation.cpp(186): warning C4244: 'argument' : conversion from 'double' to 'float', possible loss of data
         SimpsonErrorHalfProjectionIntegrator.cpp
     1>D:\rustam\Projects\TFG\App\include\volrend/Volume.h(41): warning C4244: 'return' : conversion from 'float' to 'int', possible loss of data
     1>d:\rustam\projects\tfg\app\volumerendering\src\cpu\Evaluator.h(373): warning C4018: '<' : signed/unsigned mismatch
     1>d:\rustam\projects\tfg\app\volumerendering\src\cpu\Evaluator.h(384): warning C4018: '<' : signed/unsigned mismatch
     1>d:\rustam\projects\tfg\app\volumerendering\src\cpu\Evaluator.h(399): warning C4018: '<' : signed/unsigned mismatch
     1>src\CPU\SimpsonErrorHalfProjectionIntegrator.cpp(346): warning C4244: 'argument' : conversion from 'double' to 'float', possible loss of data
         SimpsonErrorIntegrator.cpp
     1>D:\rustam\Projects\TFG\App\include\volrend/Volume.h(41): warning C4244: 'return' : conversion from 'float' to 'int', possible loss of data
     1>d:\rustam\projects\tfg\app\volumerendering\src\cpu\Evaluator.h(373): warning C4018: '<' : signed/unsigned mismatch
     1>d:\rustam\projects\tfg\app\volumerendering\src\cpu\Evaluator.h(384): warning C4018: '<' : signed/unsigned mismatch
     1>d:\rustam\projects\tfg\app\volumerendering\src\cpu\Evaluator.h(399): warning C4018: '<' : signed/unsigned mismatch
     1>src\CPU\SimpsonErrorIntegrator.cpp(329): warning C4244: 'argument' : conversion from 'double' to 'float', possible loss of data
         SimpsonErrorHalfIntegrator.cpp
     1>D:\rustam\Projects\TFG\App\include\volrend/Volume.h(41): warning C4244: 'return' : conversion from 'float' to 'int', possible loss of data
     1>d:\rustam\projects\tfg\app\volumerendering\src\cpu\Evaluator.h(373): warning C4018: '<' : signed/unsigned mismatch
     1>d:\rustam\projects\tfg\app\volumerendering\src\cpu\Evaluator.h(384): warning C4018: '<' : signed/unsigned mismatch
     1>d:\rustam\projects\tfg\app\volumerendering\src\cpu\Evaluator.h(399): warning C4018: '<' : signed/unsigned mismatch
     1>src\CPU\SimpsonErrorHalfIntegrator.cpp(369): warning C4244: 'argument' : conversion from 'double' to 'float', possible loss of data
         SimpsonErrorProjectionIntegrator.cpp
     1>D:\rustam\Projects\TFG\App\include\volrend/Volume.h(41): warning C4244: 'return' : conversion from 'float' to 'int', possible loss of data
     1>d:\rustam\projects\tfg\app\volumerendering\src\cpu\Evaluator.h(373): warning C4018: '<' : signed/unsigned mismatch
     1>d:\rustam\projects\tfg\app\volumerendering\src\cpu\Evaluator.h(384): warning C4018: '<' : signed/unsigned mismatch
     1>d:\rustam\projects\tfg\app\volumerendering\src\cpu\Evaluator.h(399): warning C4018: '<' : signed/unsigned mismatch
     1>src\CPU\SimpsonErrorProjectionIntegrator.cpp(376): warning C4244: 'argument' : conversion from 'double' to 'float', possible loss of data
         SimpsonErrorQuadraticIntegrator.cpp
     1>D:\rustam\Projects\TFG\App\include\volrend/Volume.h(41): warning C4244: 'return' : conversion from 'float' to 'int', possible loss of data
     1>d:\rustam\projects\tfg\app\volumerendering\src\cpu\Evaluator.h(373): warning C4018: '<' : signed/unsigned mismatch
     1>d:\rustam\projects\tfg\app\volumerendering\src\cpu\Evaluator.h(384): warning C4018: '<' : signed/unsigned mismatch
     1>d:\rustam\projects\tfg\app\volumerendering\src\cpu\Evaluator.h(399): warning C4018: '<' : signed/unsigned mismatch
     1>src\CPU\SimpsonErrorQuadraticIntegrator.cpp(343): warning C4244: 'argument' : conversion from 'double' to 'float', possible loss of data
         SimpsonHalfIntegrator.cpp
     1>D:\rustam\Projects\TFG\App\include\volrend/Volume.h(41): warning C4244: 'return' : conversion from 'float' to 'int', possible loss of data
     1>d:\rustam\projects\tfg\app\volumerendering\src\cpu\Evaluator.h(373): warning C4018: '<' : signed/unsigned mismatch
     1>d:\rustam\projects\tfg\app\volumerendering\src\cpu\Evaluator.h(384): warning C4018: '<' : signed/unsigned mismatch
     1>d:\rustam\projects\tfg\app\volumerendering\src\cpu\Evaluator.h(399): warning C4018: '<' : signed/unsigned mismatch
     1>src\CPU\SimpsonHalfIntegrator.cpp(96): warning C4244: '=' : conversion from 'double' to 'float', possible loss of data
     1>src\CPU\SimpsonHalfIntegrator.cpp(97): warning C4244: '=' : conversion from 'double' to 'float', possible loss of data
     1>src\CPU\SimpsonHalfIntegrator.cpp(153): warning C4244: '=' : conversion from 'double' to 'float', possible loss of data
     1>src\CPU\SimpsonHalfIntegrator.cpp(154): warning C4244: '=' : conversion from 'double' to 'float', possible loss of data
     1>src\CPU\SimpsonHalfIntegrator.cpp(450): warning C4244: 'argument' : conversion from 'double' to 'float', possible loss of data
         SimpsonHalfIterateIntegrator.cpp
     1>D:\rustam\Projects\TFG\App\include\volrend/Volume.h(41): warning C4244: 'return' : conversion from 'float' to 'int', possible loss of data
     1>d:\rustam\projects\tfg\app\volumerendering\src\cpu\Evaluator.h(373): warning C4018: '<' : signed/unsigned mismatch
     1>d:\rustam\projects\tfg\app\volumerendering\src\cpu\Evaluator.h(384): warning C4018: '<' : signed/unsigned mismatch
     1>d:\rustam\projects\tfg\app\volumerendering\src\cpu\Evaluator.h(399): warning C4018: '<' : signed/unsigned mismatch
     1>src\CPU\SimpsonHalfIterateIntegrator.cpp(135): warning C4244: '=' : conversion from 'double' to 'float', possible loss of data
     1>src\CPU\SimpsonHalfIterateIntegrator.cpp(137): warning C4244: '=' : conversion from 'double' to 'float', possible loss of data
     1>src\CPU\SimpsonHalfIterateIntegrator.cpp(154): warning C4244: '=' : conversion from 'double' to 'float', possible loss of data
     1>src\CPU\SimpsonHalfIterateIntegrator.cpp(156): warning C4244: '=' : conversion from 'double' to 'float', possible loss of data
     1>src\CPU\SimpsonHalfIterateIntegrator.cpp(177): warning C4244: '=' : conversion from 'double' to 'float', possible loss of data
     1>src\CPU\SimpsonHalfIterateIntegrator.cpp(178): warning C4244: '=' : conversion from 'double' to 'float', possible loss of data
     1>src\CPU\SimpsonHalfIterateIntegrator.cpp(199): warning C4244: '=' : conversion from 'double' to 'float', possible loss of data
     1>src\CPU\SimpsonHalfIterateIntegrator.cpp(231): warning C4244: '=' : conversion from 'double' to 'float', possible loss of data
     1>src\CPU\SimpsonHalfIterateIntegrator.cpp(232): warning C4244: '=' : conversion from 'double' to 'float', possible loss of data
     1>src\CPU\SimpsonHalfIterateIntegrator.cpp(252): warning C4244: '=' : conversion from 'double' to 'float', possible loss of data
     1>src\CPU\SimpsonHalfIterateIntegrator.cpp(311): warning C4244: '=' : conversion from 'double' to 'float', possible loss of data
     1>src\CPU\SimpsonHalfIterateIntegrator.cpp(313): warning C4244: '=' : conversion from 'double' to 'float', possible loss of data
     1>src\CPU\SimpsonHalfIterateIntegrator.cpp(330): warning C4244: '=' : conversion from 'double' to 'float', possible loss of data
     1>src\CPU\SimpsonHalfIterateIntegrator.cpp(332): warning C4244: '=' : conversion from 'double' to 'float', possible loss of data
     1>src\CPU\SimpsonHalfIterateIntegrator.cpp(358): warning C4244: '=' : conversion from 'double' to 'float', possible loss of data
     1>src\CPU\SimpsonHalfIterateIntegrator.cpp(359): warning C4244: '=' : conversion from 'double' to 'float', possible loss of data
     1>src\CPU\SimpsonHalfIterateIntegrator.cpp(380): warning C4244: '=' : conversion from 'double' to 'float', possible loss of data
     1>src\CPU\SimpsonHalfIterateIntegrator.cpp(413): warning C4244: '=' : conversion from 'double' to 'float', possible loss of data
     1>src\CPU\SimpsonHalfIterateIntegrator.cpp(414): warning C4244: '=' : conversion from 'double' to 'float', possible loss of data
     1>src\CPU\SimpsonHalfIterateIntegrator.cpp(434): warning C4244: '=' : conversion from 'double' to 'float', possible loss of data
     1>src\CPU\SimpsonHalfIterateIntegrator.cpp(495): warning C4244: '=' : conversion from 'double' to 'float', possible loss of data
     1>src\CPU\SimpsonHalfIterateIntegrator.cpp(497): warning C4244: '=' : conversion from 'double' to 'float', possible loss of data
     1>src\CPU\SimpsonHalfIterateIntegrator.cpp(514): warning C4244: '=' : conversion from 'double' to 'float', possible loss of data
     1>src\CPU\SimpsonHalfIterateIntegrator.cpp(516): warning C4244: '=' : conversion from 'double' to 'float', possible loss of data
     1>src\CPU\SimpsonHalfIterateIntegrator.cpp(548): warning C4244: '=' : conversion from 'double' to 'float', possible loss of data
     1>src\CPU\SimpsonHalfIterateIntegrator.cpp(549): warning C4244: '=' : conversion from 'double' to 'float', possible loss of data
     1>src\CPU\SimpsonHalfIterateIntegrator.cpp(587): warning C4244: '=' : conversion from 'double' to 'float', possible loss of data
     1>src\CPU\SimpsonHalfIterateIntegrator.cpp(588): warning C4244: '=' : conversion from 'double' to 'float', possible loss of data
     1>src\CPU\SimpsonHalfIterateIntegrator.cpp(608): warning C4244: '=' : conversion from 'double' to 'float', possible loss of data
     1>src\CPU\SimpsonHalfIterateIntegrator.cpp(622): warning C4244: '=' : conversion from 'double' to 'float', possible loss of data
     1>src\CPU\SimpsonHalfIterateIntegrator.cpp(623): warning C4244: '=' : conversion from 'double' to 'float', possible loss of data
     1>src\CPU\SimpsonHalfIterateIntegrator.cpp(647): warning C4244: '=' : conversion from 'double' to 'float', possible loss of data
     1>src\CPU\SimpsonHalfIterateIntegrator.cpp(676): warning C4244: '=' : conversion from 'double' to 'float', possible loss of data
     1>src\CPU\SimpsonHalfIterateIntegrator.cpp(677): warning C4244: '=' : conversion from 'double' to 'float', possible loss of data
     1>src\CPU\SimpsonHalfIterateIntegrator.cpp(697): warning C4244: '=' : conversion from 'double' to 'float', possible loss of data
     1>src\CPU\SimpsonHalfIterateIntegrator.cpp(726): warning C4244: '=' : conversion from 'double' to 'float', possible loss of data
     1>src\CPU\SimpsonHalfIterateIntegrator.cpp(727): warning C4244: '=' : conversion from 'double' to 'float', possible loss of data
     1>src\CPU\SimpsonHalfIterateIntegrator.cpp(748): warning C4244: '=' : conversion from 'double' to 'float', possible loss of data
     1>src\CPU\SimpsonHalfIterateIntegrator.cpp(781): warning C4244: '=' : conversion from 'double' to 'float', possible loss of data
     1>src\CPU\SimpsonHalfIterateIntegrator.cpp(782): warning C4244: '=' : conversion from 'double' to 'float', possible loss of data
     1>src\CPU\SimpsonHalfIterateIntegrator.cpp(802): warning C4244: '=' : conversion from 'double' to 'float', possible loss of data
     1>src\CPU\SimpsonHalfIterateIntegrator.cpp(862): warning C4244: '=' : conversion from 'double' to 'float', possible loss of data
     1>src\CPU\SimpsonHalfIterateIntegrator.cpp(864): warning C4244: '=' : conversion from 'double' to 'float', possible loss of data
     1>src\CPU\SimpsonHalfIterateIntegrator.cpp(881): warning C4244: '=' : conversion from 'double' to 'float', possible loss of data
     1>src\CPU\SimpsonHalfIterateIntegrator.cpp(883): warning C4244: '=' : conversion from 'double' to 'float', possible loss of data
     1>src\CPU\SimpsonHalfIterateIntegrator.cpp(901): warning C4244: '=' : conversion from 'double' to 'float', possible loss of data
     1>src\CPU\SimpsonHalfIterateIntegrator.cpp(902): warning C4244: '=' : conversion from 'double' to 'float', possible loss of data
     1>src\CPU\SimpsonHalfIterateIntegrator.cpp(934): warning C4244: '=' : conversion from 'double' to 'float', possible loss of data
     1>src\CPU\SimpsonHalfIterateIntegrator.cpp(935): warning C4244: '=' : conversion from 'double' to 'float', possible loss of data
     1>src\CPU\SimpsonHalfIterateIntegrator.cpp(981): warning C4244: '=' : conversion from 'double' to 'float', possible loss of data
     1>src\CPU\SimpsonHalfIterateIntegrator.cpp(982): warning C4244: '=' : conversion from 'double' to 'float', possible loss of data
     1>src\CPU\SimpsonHalfIterateIntegrator.cpp(1342): warning C4244: '=' : conversion from 'double' to 'float', possible loss of data
     1>src\CPU\SimpsonHalfIterateIntegrator.cpp(1344): warning C4244: '=' : conversion from 'double' to 'float', possible loss of data
     1>src\CPU\SimpsonHalfIterateIntegrator.cpp(1367): warning C4244: '=' : conversion from 'double' to 'float', possible loss of data
     1>src\CPU\SimpsonHalfIterateIntegrator.cpp(1369): warning C4244: '=' : conversion from 'double' to 'float', possible loss of data
     1>src\CPU\SimpsonHalfIterateIntegrator.cpp(1382): warning C4244: '=' : conversion from 'double' to 'float', possible loss of data
     1>src\CPU\SimpsonHalfIterateIntegrator.cpp(1384): warning C4244: '=' : conversion from 'double' to 'float', possible loss of data
     1>src\CPU\SimpsonHalfIterateIntegrator.cpp(1409): warning C4244: '=' : conversion from 'double' to 'float', possible loss of data
     1>src\CPU\SimpsonHalfIterateIntegrator.cpp(1410): warning C4244: '=' : conversion from 'double' to 'float', possible loss of data
     1>src\CPU\SimpsonHalfIterateIntegrator.cpp(1444): warning C4244: '=' : conversion from 'double' to 'float', possible loss of data
     1>src\CPU\SimpsonHalfIterateIntegrator.cpp(1445): warning C4244: '=' : conversion from 'double' to 'float', possible loss of data
     1>src\CPU\SimpsonHalfIterateIntegrator.cpp(1472): warning C4244: '=' : conversion from 'double' to 'float', possible loss of data
     1>src\CPU\SimpsonHalfIterateIntegrator.cpp(1500): warning C4244: '=' : conversion from 'double' to 'float', possible loss of data
     1>src\CPU\SimpsonHalfIterateIntegrator.cpp(1501): warning C4244: '=' : conversion from 'double' to 'float', possible loss of data
     1>src\CPU\SimpsonHalfIterateIntegrator.cpp(1532): warning C4244: '=' : conversion from 'double' to 'float', possible loss of data
     1>src\CPU\SimpsonHalfIterateIntegrator.cpp(1533): warning C4244: '=' : conversion from 'double' to 'float', possible loss of data
     1>src\CPU\SimpsonHalfIterateIntegrator.cpp(1553): warning C4244: '=' : conversion from 'double' to 'float', possible loss of data
         SimpsonHalfIteratorRiemannError.cpp
     1>D:\rustam\Projects\TFG\App\include\volrend/Volume.h(41): warning C4244: 'return' : conversion from 'float' to 'int', possible loss of data
     1>d:\rustam\projects\tfg\app\volumerendering\src\cpu\Evaluator.h(373): warning C4018: '<' : signed/unsigned mismatch
     1>d:\rustam\projects\tfg\app\volumerendering\src\cpu\Evaluator.h(384): warning C4018: '<' : signed/unsigned mismatch
     1>d:\rustam\projects\tfg\app\volumerendering\src\cpu\Evaluator.h(399): warning C4018: '<' : signed/unsigned mismatch
     1>src\CPU\SimpsonHalfIteratorRiemannError.cpp(142): warning C4244: 'initializing' : conversion from 'double' to 'float', possible loss of data
     1>src\CPU\SimpsonHalfIteratorRiemannError.cpp(153): warning C4244: '=' : conversion from 'double' to 'float', possible loss of data
     1>src\CPU\SimpsonHalfIteratorRiemannError.cpp(154): warning C4244: '=' : conversion from 'double' to 'float', possible loss of data
     1>src\CPU\SimpsonHalfIteratorRiemannError.cpp(175): warning C4244: '=' : conversion from 'double' to 'float', possible loss of data
     1>src\CPU\SimpsonHalfIteratorRiemannError.cpp(194): warning C4244: '=' : conversion from 'double' to 'float', possible loss of data
     1>src\CPU\SimpsonHalfIteratorRiemannError.cpp(195): warning C4244: '=' : conversion from 'double' to 'float', possible loss of data
     1>src\CPU\SimpsonHalfIteratorRiemannError.cpp(214): warning C4244: '=' : conversion from 'double' to 'float', possible loss of data
         SimpsonHalfQueueIntegrator.cpp
     1>D:\rustam\Projects\TFG\App\include\volrend/Volume.h(41): warning C4244: 'return' : conversion from 'float' to 'int', possible loss of data
     1>d:\rustam\projects\tfg\app\volumerendering\src\cpu\Evaluator.h(373): warning C4018: '<' : signed/unsigned mismatch
     1>d:\rustam\projects\tfg\app\volumerendering\src\cpu\Evaluator.h(384): warning C4018: '<' : signed/unsigned mismatch
     1>d:\rustam\projects\tfg\app\volumerendering\src\cpu\Evaluator.h(399): warning C4018: '<' : signed/unsigned mismatch
     1>src\CPU\SimpsonHalfQueueIntegrator.cpp(331): warning C4244: 'initializing' : conversion from 'double' to 'float', possible loss of data
     1>src\CPU\SimpsonHalfQueueIntegrator.cpp(332): warning C4244: 'initializing' : conversion from 'double' to 'float', possible loss of data
     1>src\CPU\SimpsonHalfQueueIntegrator.cpp(343): warning C4244: '=' : conversion from 'double' to 'float', possible loss of data
     1>src\CPU\SimpsonHalfQueueIntegrator.cpp(344): warning C4244: '=' : conversion from 'double' to 'float', possible loss of data
     1>src\CPU\SimpsonHalfQueueIntegrator.cpp(363): warning C4244: '=' : conversion from 'double' to 'float', possible loss of data
     1>src\CPU\SimpsonHalfQueueIntegrator.cpp(383): warning C4244: '=' : conversion from 'double' to 'float', possible loss of data
     1>src\CPU\SimpsonHalfQueueIntegrator.cpp(384): warning C4244: '=' : conversion from 'double' to 'float', possible loss of data
     1>src\CPU\SimpsonHalfQueueIntegrator.cpp(402): warning C4244: '=' : conversion from 'double' to 'float', possible loss of data
         SimpsonIntegrator.cpp
     1>D:\rustam\Projects\TFG\App\include\volrend/Volume.h(41): warning C4244: 'return' : conversion from 'float' to 'int', possible loss of data
     1>d:\rustam\projects\tfg\app\volumerendering\src\cpu\Evaluator.h(373): warning C4018: '<' : signed/unsigned mismatch
     1>d:\rustam\projects\tfg\app\volumerendering\src\cpu\Evaluator.h(384): warning C4018: '<' : signed/unsigned mismatch
     1>d:\rustam\projects\tfg\app\volumerendering\src\cpu\Evaluator.h(399): warning C4018: '<' : signed/unsigned mismatch
     1>src\CPU\SimpsonIntegrator.cpp(66): warning C4244: 'argument' : conversion from 'double' to 'float', possible loss of data
         SimpsonRule.cpp
     1>D:\rustam\Projects\TFG\App\include\volrend/Volume.h(41): warning C4244: 'return' : conversion from 'float' to 'int', possible loss of data
     1>d:\rustam\projects\tfg\app\volumerendering\src\cpu\Evaluator.h(373): warning C4018: '<' : signed/unsigned mismatch
     1>d:\rustam\projects\tfg\app\volumerendering\src\cpu\Evaluator.h(384): warning C4018: '<' : signed/unsigned mismatch
     1>d:\rustam\projects\tfg\app\volumerendering\src\cpu\Evaluator.h(399): warning C4018: '<' : signed/unsigned mismatch
     1>src\CPU\SimpsonRule.cpp(23): warning C4244: 'argument' : conversion from 'double' to 'float', possible loss of data
     1>src\CPU\SimpsonRule.cpp(24): warning C4244: 'argument' : conversion from 'double' to 'float', possible loss of data
     1>src\CPU\SimpsonRule.cpp(25): warning C4244: 'argument' : conversion from 'double' to 'float', possible loss of data
     1>src\CPU\SimpsonRule.cpp(26): warning C4244: 'argument' : conversion from 'double' to 'float', possible loss of data
     1>src\CPU\SimpsonRule.cpp(27): warning C4244: 'argument' : conversion from 'double' to 'float', possible loss of data
         Generating Code...
         Compiling...
         UserInterfaceCPU.cpp
     1>D:\rustam\Projects\TFG\App\include\volrend/Volume.h(41): warning C4244: 'return' : conversion from 'float' to 'int', possible loss of data
     1>D:\rustam\Projects\TFG\App\include\math/Matrix4.h(55): warning C4244: 'argument' : conversion from 'double' to 'float', possible loss of data
     1>D:\rustam\Projects\TFG\App\include\math/Matrix4.h(56): warning C4244: 'argument' : conversion from 'double' to 'float', possible loss of data
     1>D:\rustam\Projects\TFG\App\include\raytracer/Camera/RTCamera.h(22): warning C4091: 'typedef ' : ignored on left of 'rt::Struct_RTCamera_init' when no variable is declared
     1>d:\rustam\projects\tfg\app\volumerendering\src\cpu\Evaluator.h(373): warning C4018: '<' : signed/unsigned mismatch
     1>d:\rustam\projects\tfg\app\volumerendering\src\cpu\Evaluator.h(384): warning C4018: '<' : signed/unsigned mismatch
     1>d:\rustam\projects\tfg\app\volumerendering\src\cpu\Evaluator.h(399): warning C4018: '<' : signed/unsigned mismatch
     1>src\CPU\UserInterfaceCPU.cpp(31): warning C4996: 'sprintf': This function or variable may be unsafe. Consider using sprintf_s instead. To disable deprecation, use _CRT_SECURE_NO_WARNINGS. See online help for details.
                 C:\Program Files (x86)\Microsoft Visual Studio 12.0\VC\include\stdio.h(356) : see declaration of 'sprintf'
     1>src\CPU\UserInterfaceCPU.cpp(55): warning C4996: 'sprintf': This function or variable may be unsafe. Consider using sprintf_s instead. To disable deprecation, use _CRT_SECURE_NO_WARNINGS. See online help for details.
                 C:\Program Files (x86)\Microsoft Visual Studio 12.0\VC\include\stdio.h(356) : see declaration of 'sprintf'
     1>src\CPU\UserInterfaceCPU.cpp(71): warning C4996: 'sprintf': This function or variable may be unsafe. Consider using sprintf_s instead. To disable deprecation, use _CRT_SECURE_NO_WARNINGS. See online help for details.
                 C:\Program Files (x86)\Microsoft Visual Studio 12.0\VC\include\stdio.h(356) : see declaration of 'sprintf'
     1>src\CPU\UserInterfaceCPU.cpp(127): warning C4996: 'sprintf': This function or variable may be unsafe. Consider using sprintf_s instead. To disable deprecation, use _CRT_SECURE_NO_WARNINGS. See online help for details.
                 C:\Program Files (x86)\Microsoft Visual Studio 12.0\VC\include\stdio.h(356) : see declaration of 'sprintf'
     1>src\CPU\UserInterfaceCPU.cpp(177): warning C4996: 'sprintf': This function or variable may be unsafe. Consider using sprintf_s instead. To disable deprecation, use _CRT_SECURE_NO_WARNINGS. See online help for details.
                 C:\Program Files (x86)\Microsoft Visual Studio 12.0\VC\include\stdio.h(356) : see declaration of 'sprintf'
     1>src\CPU\UserInterfaceCPU.cpp(184): warning C4996: 'sprintf': This function or variable may be unsafe. Consider using sprintf_s instead. To disable deprecation, use _CRT_SECURE_NO_WARNINGS. See online help for details.
                 C:\Program Files (x86)\Microsoft Visual Studio 12.0\VC\include\stdio.h(356) : see declaration of 'sprintf'
     1>src\CPU\UserInterfaceCPU.cpp(192): warning C4996: 'sprintf': This function or variable may be unsafe. Consider using sprintf_s instead. To disable deprecation, use _CRT_SECURE_NO_WARNINGS. See online help for details.
                 C:\Program Files (x86)\Microsoft Visual Studio 12.0\VC\include\stdio.h(356) : see declaration of 'sprintf'
     1>src\CPU\UserInterfaceCPU.cpp(227): warning C4996: 'sprintf': This function or variable may be unsafe. Consider using sprintf_s instead. To disable deprecation, use _CRT_SECURE_NO_WARNINGS. See online help for details.
                 C:\Program Files (x86)\Microsoft Visual Studio 12.0\VC\include\stdio.h(356) : see declaration of 'sprintf'
     1>src\CPU\UserInterfaceCPU.cpp(228): warning C4996: 'sprintf': This function or variable may be unsafe. Consider using sprintf_s instead. To disable deprecation, use _CRT_SECURE_NO_WARNINGS. See online help for details.
                 C:\Program Files (x86)\Microsoft Visual Studio 12.0\VC\include\stdio.h(356) : see declaration of 'sprintf'
     1>src\CPU\UserInterfaceCPU.cpp(229): warning C4996: 'sprintf': This function or variable may be unsafe. Consider using sprintf_s instead. To disable deprecation, use _CRT_SECURE_NO_WARNINGS. See online help for details.
                 C:\Program Files (x86)\Microsoft Visual Studio 12.0\VC\include\stdio.h(356) : see declaration of 'sprintf'
     1>src\CPU\UserInterfaceCPU.cpp(274): warning C4996: 'sprintf': This function or variable may be unsafe. Consider using sprintf_s instead. To disable deprecation, use _CRT_SECURE_NO_WARNINGS. See online help for details.
                 C:\Program Files (x86)\Microsoft Visual Studio 12.0\VC\include\stdio.h(356) : see declaration of 'sprintf'
     1>src\CPU\UserInterfaceCPU.cpp(281): warning C4996: 'sprintf': This function or variable may be unsafe. Consider using sprintf_s instead. To disable deprecation, use _CRT_SECURE_NO_WARNINGS. See online help for details.
                 C:\Program Files (x86)\Microsoft Visual Studio 12.0\VC\include\stdio.h(356) : see declaration of 'sprintf'
     1>src\CPU\UserInterfaceCPU.cpp(288): warning C4996: 'sprintf': This function or variable may be unsafe. Consider using sprintf_s instead. To disable deprecation, use _CRT_SECURE_NO_WARNINGS. See online help for details.
                 C:\Program Files (x86)\Microsoft Visual Studio 12.0\VC\include\stdio.h(356) : see declaration of 'sprintf'
     1>src\CPU\UserInterfaceCPU.cpp(290): warning C4996: 'sprintf': This function or variable may be unsafe. Consider using sprintf_s instead. To disable deprecation, use _CRT_SECURE_NO_WARNINGS. See online help for details.
                 C:\Program Files (x86)\Microsoft Visual Studio 12.0\VC\include\stdio.h(356) : see declaration of 'sprintf'
     1>src\CPU\UserInterfaceCPU.cpp(292): warning C4996: 'sprintf': This function or variable may be unsafe. Consider using sprintf_s instead. To disable deprecation, use _CRT_SECURE_NO_WARNINGS. See online help for details.
                 C:\Program Files (x86)\Microsoft Visual Studio 12.0\VC\include\stdio.h(356) : see declaration of 'sprintf'
     1>src\CPU\UserInterfaceCPU.cpp(301): warning C4996: 'sprintf': This function or variable may be unsafe. Consider using sprintf_s instead. To disable deprecation, use _CRT_SECURE_NO_WARNINGS. See online help for details.
                 C:\Program Files (x86)\Microsoft Visual Studio 12.0\VC\include\stdio.h(356) : see declaration of 'sprintf'
     1>src\CPU\UserInterfaceCPU.cpp(308): warning C4996: 'sprintf': This function or variable may be unsafe. Consider using sprintf_s instead. To disable deprecation, use _CRT_SECURE_NO_WARNINGS. See online help for details.
                 C:\Program Files (x86)\Microsoft Visual Studio 12.0\VC\include\stdio.h(356) : see declaration of 'sprintf'
     1>src\CPU\UserInterfaceCPU.cpp(315): warning C4996: 'sprintf': This function or variable may be unsafe. Consider using sprintf_s instead. To disable deprecation, use _CRT_SECURE_NO_WARNINGS. See online help for details.
                 C:\Program Files (x86)\Microsoft Visual Studio 12.0\VC\include\stdio.h(356) : see declaration of 'sprintf'
         ViewMethodCPU.cpp
     1>D:\rustam\Projects\TFG\App\include\volrend/Volume.h(41): warning C4244: 'return' : conversion from 'float' to 'int', possible loss of data
     1>D:\rustam\Projects\TFG\App\include\math/Matrix4.h(55): warning C4244: 'argument' : conversion from 'double' to 'float', possible loss of data
     1>D:\rustam\Projects\TFG\App\include\math/Matrix4.h(56): warning C4244: 'argument' : conversion from 'double' to 'float', possible loss of data
     1>D:\rustam\Projects\TFG\App\include\raytracer/Camera/RTCamera.h(22): warning C4091: 'typedef ' : ignored on left of 'rt::Struct_RTCamera_init' when no variable is declared
     1>d:\rustam\projects\tfg\app\volumerendering\src\cpu\Evaluator.h(373): warning C4018: '<' : signed/unsigned mismatch
     1>d:\rustam\projects\tfg\app\volumerendering\src\cpu\Evaluator.h(384): warning C4018: '<' : signed/unsigned mismatch
     1>d:\rustam\projects\tfg\app\volumerendering\src\cpu\Evaluator.h(399): warning C4018: '<' : signed/unsigned mismatch
     1>src\CPU\ViewMethodCPU.cpp(888): warning C4244: 'initializing' : conversion from 'double' to 'int', possible loss of data
     1>src\CPU\ViewMethodCPU.cpp(924): warning C4305: 'argument' : truncation from 'double' to 'float'
     1>src\CPU\ViewMethodCPU.cpp(925): warning C4305: 'argument' : truncation from 'double' to 'float'
     1>src\CPU\ViewMethodCPU.cpp(926): warning C4305: 'argument' : truncation from 'double' to 'float'
     1>src\CPU\ViewMethodCPU.cpp(927): warning C4305: 'argument' : truncation from 'double' to 'float'
     1>src\CPU\ViewMethodCPU.cpp(928): warning C4305: 'argument' : truncation from 'double' to 'float'
     1>src\CPU\ViewMethodCPU.cpp(929): warning C4305: 'argument' : truncation from 'double' to 'float'
     1>src\CPU\ViewMethodCPU.cpp(930): warning C4305: 'argument' : truncation from 'double' to 'float'
     1>src\CPU\ViewMethodCPU.cpp(932): warning C4305: 'argument' : truncation from 'double' to 'float'
     1>src\CPU\ViewMethodCPU.cpp(933): warning C4305: 'argument' : truncation from 'double' to 'float'
     1>src\CPU\ViewMethodCPU.cpp(934): warning C4305: 'argument' : truncation from 'double' to 'float'
     1>src\CPU\ViewMethodCPU.cpp(935): warning C4305: 'argument' : truncation from 'double' to 'float'
     1>src\CPU\ViewMethodCPU.cpp(936): warning C4305: 'argument' : truncation from 'double' to 'float'
     1>src\CPU\ViewMethodCPU.cpp(937): warning C4305: 'argument' : truncation from 'double' to 'float'
     1>src\CPU\ViewMethodCPU.cpp(938): warning C4305: 'argument' : truncation from 'double' to 'float'
     1>src\CPU\ViewMethodCPU.cpp(940): warning C4305: 'argument' : truncation from 'double' to 'float'
     1>src\CPU\ViewMethodCPU.cpp(941): warning C4305: 'argument' : truncation from 'double' to 'float'
     1>src\CPU\ViewMethodCPU.cpp(942): warning C4305: 'argument' : truncation from 'double' to 'float'
     1>src\CPU\ViewMethodCPU.cpp(943): warning C4305: 'argument' : truncation from 'double' to 'float'
     1>src\CPU\ViewMethodCPU.cpp(944): warning C4305: 'argument' : truncation from 'double' to 'float'
     1>src\CPU\ViewMethodCPU.cpp(945): warning C4305: 'argument' : truncation from 'double' to 'float'
     1>src\CPU\ViewMethodCPU.cpp(946): warning C4305: 'argument' : truncation from 'double' to 'float'
     1>src\CPU\ViewMethodCPU.cpp(1029): warning C4244: 'initializing' : conversion from 'double' to 'int', possible loss of data
     1>src\CPU\ViewMethodCPU.cpp(1055): warning C4244: '=' : conversion from 'double' to 'err_type', possible loss of data
     1>src\CPU\ViewMethodCPU.cpp(1056): warning C4244: '=' : conversion from 'double' to 'err_type', possible loss of data
     1>src\CPU\ViewMethodCPU.cpp(1057): warning C4244: '=' : conversion from 'double' to 'err_type', possible loss of data
     1>src\CPU\ViewMethodCPU.cpp(1058): warning C4244: '=' : conversion from 'double' to 'err_type', possible loss of data
     1>src\CPU\ViewMethodCPU.cpp(1086): warning C4244: 'initializing' : conversion from 'double' to 'int', possible loss of data
     1>src\CPU\ViewMethodCPU.cpp(1329): warning C4244: 'initializing' : conversion from 'double' to 'int', possible loss of data
     1>src\CPU\ViewMethodCPU.cpp(1370): warning C4244: 'initializing' : conversion from 'double' to 'int', possible loss of data
     1>src\CPU\ViewMethodCPU.cpp(1419): warning C4305: 'argument' : truncation from 'double' to 'float'
     1>src\CPU\ViewMethodCPU.cpp(1420): warning C4305: 'argument' : truncation from 'double' to 'float'
     1>src\CPU\ViewMethodCPU.cpp(1421): warning C4305: 'argument' : truncation from 'double' to 'float'
     1>src\CPU\ViewMethodCPU.cpp(1426): warning C4305: 'argument' : truncation from 'double' to 'float'
     1>src\CPU\ViewMethodCPU.cpp(1427): warning C4305: 'argument' : truncation from 'double' to 'float'
     1>src\CPU\ViewMethodCPU.cpp(1428): warning C4305: 'argument' : truncation from 'double' to 'float'
     1>src\CPU\ViewMethodCPU.cpp(1433): warning C4305: 'argument' : truncation from 'double' to 'float'
     1>src\CPU\ViewMethodCPU.cpp(1434): warning C4305: 'argument' : truncation from 'double' to 'float'
     1>src\CPU\ViewMethodCPU.cpp(1435): warning C4305: 'argument' : truncation from 'double' to 'float'
     1>src\CPU\ViewMethodCPU.cpp(1440): warning C4305: 'argument' : truncation from 'double' to 'float'
     1>src\CPU\ViewMethodCPU.cpp(1441): warning C4305: 'argument' : truncation from 'double' to 'float'
     1>src\CPU\ViewMethodCPU.cpp(1442): warning C4305: 'argument' : truncation from 'double' to 'float'
     1>src\CPU\ViewMethodCPU.cpp(1447): warning C4305: 'argument' : truncation from 'double' to 'float'
     1>src\CPU\ViewMethodCPU.cpp(1448): warning C4305: 'argument' : truncation from 'double' to 'float'
     1>src\CPU\ViewMethodCPU.cpp(1449): warning C4305: 'argument' : truncation from 'double' to 'float'
     1>src\CPU\ViewMethodCPU.cpp(1463): warning C4305: 'argument' : truncation from 'double' to 'float'
     1>src\CPU\ViewMethodCPU.cpp(1468): warning C4305: 'argument' : truncation from 'double' to 'float'
     1>src\CPU\ViewMethodCPU.cpp(1473): warning C4305: 'argument' : truncation from 'double' to 'float'
     1>src\CPU\ViewMethodCPU.cpp(1479): warning C4305: 'argument' : truncation from 'double' to 'float'
     1>src\CPU\ViewMethodCPU.cpp(1484): warning C4305: 'argument' : truncation from 'double' to 'float'
     1>src\CPU\ViewMethodCPU.cpp(1489): warning C4305: 'argument' : truncation from 'double' to 'float'
     1>src\CPU\ViewMethodCPU.cpp(1507): warning C4305: 'argument' : truncation from 'double' to 'float'
     1>src\CPU\ViewMethodCPU.cpp(1512): warning C4305: 'argument' : truncation from 'double' to 'float'
     1>src\CPU\ViewMethodCPU.cpp(1517): warning C4305: 'argument' : truncation from 'double' to 'float'
     1>src\CPU\ViewMethodCPU.cpp(1523): warning C4305: 'argument' : truncation from 'double' to 'float'
     1>src\CPU\ViewMethodCPU.cpp(1528): warning C4305: 'argument' : truncation from 'double' to 'float'
     1>src\CPU\ViewMethodCPU.cpp(1533): warning C4305: 'argument' : truncation from 'double' to 'float'
     1>src\CPU\ViewMethodCPU.cpp(1552): warning C4305: 'argument' : truncation from 'double' to 'float'
     1>src\CPU\ViewMethodCPU.cpp(1557): warning C4305: 'argument' : truncation from 'double' to 'float'
     1>src\CPU\ViewMethodCPU.cpp(1562): warning C4305: 'argument' : truncation from 'double' to 'float'
     1>src\CPU\ViewMethodCPU.cpp(1568): warning C4305: 'argument' : truncation from 'double' to 'float'
     1>src\CPU\ViewMethodCPU.cpp(1573): warning C4305: 'argument' : truncation from 'double' to 'float'
     1>src\CPU\ViewMethodCPU.cpp(1578): warning C4305: 'argument' : truncation from 'double' to 'float'
     1>src\CPU\ViewMethodCPU.cpp(1596): warning C4305: 'argument' : truncation from 'double' to 'float'
     1>src\CPU\ViewMethodCPU.cpp(1601): warning C4305: 'argument' : truncation from 'double' to 'float'
     1>src\CPU\ViewMethodCPU.cpp(1606): warning C4305: 'argument' : truncation from 'double' to 'float'
     1>src\CPU\ViewMethodCPU.cpp(1612): warning C4305: 'argument' : truncation from 'double' to 'float'
     1>src\CPU\ViewMethodCPU.cpp(1617): warning C4305: 'argument' : truncation from 'double' to 'float'
     1>src\CPU\ViewMethodCPU.cpp(1622): warning C4305: 'argument' : truncation from 'double' to 'float'
     1>src\CPU\ViewMethodCPU.cpp(1644): warning C4305: 'argument' : truncation from 'double' to 'float'
     1>src\CPU\ViewMethodCPU.cpp(1649): warning C4305: 'argument' : truncation from 'double' to 'float'
     1>src\CPU\ViewMethodCPU.cpp(1654): warning C4305: 'argument' : truncation from 'double' to 'float'
     1>src\CPU\ViewMethodCPU.cpp(1660): warning C4305: 'argument' : truncation from 'double' to 'float'
     1>src\CPU\ViewMethodCPU.cpp(1665): warning C4305: 'argument' : truncation from 'double' to 'float'
     1>src\CPU\ViewMethodCPU.cpp(1670): warning C4305: 'argument' : truncation from 'double' to 'float'
     1>src\CPU\ViewMethodCPU.cpp(1689): warning C4305: 'argument' : truncation from 'double' to 'float'
     1>src\CPU\ViewMethodCPU.cpp(1694): warning C4305: 'argument' : truncation from 'double' to 'float'
     1>src\CPU\ViewMethodCPU.cpp(1699): warning C4305: 'argument' : truncation from 'double' to 'float'
     1>src\CPU\ViewMethodCPU.cpp(1705): warning C4305: 'argument' : truncation from 'double' to 'float'
     1>src\CPU\ViewMethodCPU.cpp(1710): warning C4305: 'argument' : truncation from 'double' to 'float'
     1>src\CPU\ViewMethodCPU.cpp(1715): warning C4305: 'argument' : truncation from 'double' to 'float'
     1>src\CPU\ViewMethodCPU.cpp(1733): warning C4305: 'argument' : truncation from 'double' to 'float'
     1>src\CPU\ViewMethodCPU.cpp(1738): warning C4305: 'argument' : truncation from 'double' to 'float'
     1>src\CPU\ViewMethodCPU.cpp(1743): warning C4305: 'argument' : truncation from 'double' to 'float'
     1>src\CPU\ViewMethodCPU.cpp(1749): warning C4305: 'argument' : truncation from 'double' to 'float'
     1>src\CPU\ViewMethodCPU.cpp(1754): warning C4305: 'argument' : truncation from 'double' to 'float'
     1>src\CPU\ViewMethodCPU.cpp(1759): warning C4305: 'argument' : truncation from 'double' to 'float'
     1>src\CPU\ViewMethodCPU.cpp(1781): warning C4305: 'argument' : truncation from 'double' to 'float'
     1>src\CPU\ViewMethodCPU.cpp(1786): warning C4305: 'argument' : truncation from 'double' to 'float'
     1>src\CPU\ViewMethodCPU.cpp(1791): warning C4305: 'argument' : truncation from 'double' to 'float'
     1>src\CPU\ViewMethodCPU.cpp(1797): warning C4305: 'argument' : truncation from 'double' to 'float'
     1>src\CPU\ViewMethodCPU.cpp(1802): warning C4305: 'argument' : truncation from 'double' to 'float'
     1>src\CPU\ViewMethodCPU.cpp(1807): warning C4305: 'argument' : truncation from 'double' to 'float'
     1>src\CPU\ViewMethodCPU.cpp(1826): warning C4305: 'argument' : truncation from 'double' to 'float'
     1>src\CPU\ViewMethodCPU.cpp(1831): warning C4305: 'argument' : truncation from 'double' to 'float'
     1>src\CPU\ViewMethodCPU.cpp(1836): warning C4305: 'argument' : truncation from 'double' to 'float'
     1>src\CPU\ViewMethodCPU.cpp(1842): warning C4305: 'argument' : truncation from 'double' to 'float'
     1>src\CPU\ViewMethodCPU.cpp(1847): warning C4305: 'argument' : truncation from 'double' to 'float'
     1>src\CPU\ViewMethodCPU.cpp(1852): warning C4305: 'argument' : truncation from 'double' to 'float'
     1>src\CPU\ViewMethodCPU.cpp(1870): warning C4305: 'argument' : truncation from 'double' to 'float'
     1>src\CPU\ViewMethodCPU.cpp(1875): warning C4305: 'argument' : truncation from 'double' to 'float'
     1>src\CPU\ViewMethodCPU.cpp(1880): warning C4305: 'argument' : truncation from 'double' to 'float'
     1>src\CPU\ViewMethodCPU.cpp(1886): warning C4305: 'argument' : truncation from 'double' to 'float'
     1>src\CPU\ViewMethodCPU.cpp(1891): warning C4305: 'argument' : truncation from 'double' to 'float'
     1>src\CPU\ViewMethodCPU.cpp(1896): warning C4305: 'argument' : truncation from 'double' to 'float'
     1>src\CPU\ViewMethodCPU.cpp(1921): warning C4244: 'initializing' : conversion from 'double' to 'int', possible loss of data
     1>src\CPU\ViewMethodCPU.cpp(1946): warning C4244: 'argument' : conversion from 'double' to 'float', possible loss of data
     1>src\CPU\ViewMethodCPU.cpp(1951): warning C4244: 'argument' : conversion from 'double' to 'float', possible loss of data
     1>src\CPU\ViewMethodCPU.cpp(1956): warning C4244: 'argument' : conversion from 'double' to 'float', possible loss of data
     1>src\CPU\ViewMethodCPU.cpp(1961): warning C4244: 'argument' : conversion from 'double' to 'float', possible loss of data
     1>src\CPU\ViewMethodCPU.cpp(1966): warning C4244: 'argument' : conversion from 'double' to 'float', possible loss of data
     1>src\CPU\ViewMethodCPU.cpp(1971): warning C4244: 'argument' : conversion from 'double' to 'float', possible loss of data
     1>src\CPU\ViewMethodCPU.cpp(1976): warning C4244: 'argument' : conversion from 'double' to 'float', possible loss of data
     1>src\CPU\ViewMethodCPU.cpp(1981): warning C4244: 'argument' : conversion from 'double' to 'float', possible loss of data
     1>src\CPU\ViewMethodCPU.cpp(1986): warning C4244: 'argument' : conversion from 'double' to 'float', possible loss of data
         VolumeEvaluator.cpp
     1>D:\rustam\Projects\TFG\App\include\volrend/Volume.h(41): warning C4244: 'return' : conversion from 'float' to 'int', possible loss of data
     1>d:\rustam\projects\tfg\app\volumerendering\src\cpu\Evaluator.h(373): warning C4018: '<' : signed/unsigned mismatch
     1>d:\rustam\projects\tfg\app\volumerendering\src\cpu\Evaluator.h(384): warning C4018: '<' : signed/unsigned mismatch
     1>d:\rustam\projects\tfg\app\volumerendering\src\cpu\Evaluator.h(399): warning C4018: '<' : signed/unsigned mismatch
     1>src\CPU\VolumeEvaluator.cpp(409): warning C4244: 'argument' : conversion from 'double' to 'float', possible loss of data
     1>src\CPU\VolumeEvaluator.cpp(421): warning C4244: 'argument' : conversion from 'double' to 'float', possible loss of data
     1>src\CPU\VolumeEvaluator.cpp(422): warning C4244: 'argument' : conversion from 'double' to 'float', possible loss of data
     1>src\CPU\VolumeEvaluator.cpp(423): warning C4244: 'argument' : conversion from 'double' to 'float', possible loss of data
     1>src\CPU\VolumeEvaluator.cpp(424): warning C4244: 'argument' : conversion from 'double' to 'float', possible loss of data
         RendererEquidistant.cpp
     1>D:\rustam\Projects\TFG\App\include\volrend/Utils.h(4): warning C4067: unexpected tokens following preprocessor directive - expected a newline
     1>D:\rustam\Projects\TFG\App\include\volrend/volume.h(41): warning C4244: 'return' : conversion from 'float' to 'int', possible loss of data
     1>D:\rustam\Projects\TFG\App\include\math/Matrix4.h(55): warning C4244: 'argument' : conversion from 'double' to 'float', possible loss of data
     1>D:\rustam\Projects\TFG\App\include\math/Matrix4.h(56): warning C4244: 'argument' : conversion from 'double' to 'float', possible loss of data
         UserInterfaceEquidistant.cpp
     1>D:\rustam\Projects\TFG\App\include\volrend/Volume.h(41): warning C4244: 'return' : conversion from 'float' to 'int', possible loss of data
     1>D:\rustam\Projects\TFG\App\include\volrend/Utils.h(4): warning C4067: unexpected tokens following preprocessor directive - expected a newline
     1>D:\rustam\Projects\TFG\App\include\math/Matrix4.h(55): warning C4244: 'argument' : conversion from 'double' to 'float', possible loss of data
     1>D:\rustam\Projects\TFG\App\include\math/Matrix4.h(56): warning C4244: 'argument' : conversion from 'double' to 'float', possible loss of data
         ViewMethodEquidistant.cpp
     1>D:\rustam\Projects\TFG\App\include\volrend/Volume.h(41): warning C4244: 'return' : conversion from 'float' to 'int', possible loss of data
     1>D:\rustam\Projects\TFG\App\include\volrend/Utils.h(4): warning C4067: unexpected tokens following preprocessor directive - expected a newline
     1>D:\rustam\Projects\TFG\App\include\math/Matrix4.h(55): warning C4244: 'argument' : conversion from 'double' to 'float', possible loss of data
     1>D:\rustam\Projects\TFG\App\include\math/Matrix4.h(56): warning C4244: 'argument' : conversion from 'double' to 'float', possible loss of data
         ERN2DRenderer.cpp
     1>D:\rustam\Projects\TFG\App\include\volrend/Volume.h(41): warning C4244: 'return' : conversion from 'float' to 'int', possible loss of data
     1>D:\rustam\Projects\TFG\App\include\math/Matrix4.h(55): warning C4244: 'argument' : conversion from 'double' to 'float', possible loss of data
     1>D:\rustam\Projects\TFG\App\include\math/Matrix4.h(56): warning C4244: 'argument' : conversion from 'double' to 'float', possible loss of data
         ERN2DUserInterface.cpp
     1>D:\rustam\Projects\TFG\App\include\volrend/Volume.h(41): warning C4244: 'return' : conversion from 'float' to 'int', possible loss of data
     1>D:\rustam\Projects\TFG\App\include\math/Matrix4.h(55): warning C4244: 'argument' : conversion from 'double' to 'float', possible loss of data
     1>D:\rustam\Projects\TFG\App\include\math/Matrix4.h(56): warning C4244: 'argument' : conversion from 'double' to 'float', possible loss of data
     1>src\ERN2D\ERN2DUserInterface.cpp(174): warning C4996: 'sprintf': This function or variable may be unsafe. Consider using sprintf_s instead. To disable deprecation, use _CRT_SECURE_NO_WARNINGS. See online help for details.
                 C:\Program Files (x86)\Microsoft Visual Studio 12.0\VC\include\stdio.h(356) : see declaration of 'sprintf'
     1>src\ERN2D\ERN2DUserInterface.cpp(181): warning C4996: 'sprintf': This function or variable may be unsafe. Consider using sprintf_s instead. To disable deprecation, use _CRT_SECURE_NO_WARNINGS. See online help for details.
                 C:\Program Files (x86)\Microsoft Visual Studio 12.0\VC\include\stdio.h(356) : see declaration of 'sprintf'
     1>src\ERN2D\ERN2DUserInterface.cpp(188): warning C4996: 'sprintf': This function or variable may be unsafe. Consider using sprintf_s instead. To disable deprecation, use _CRT_SECURE_NO_WARNINGS. See online help for details.
                 C:\Program Files (x86)\Microsoft Visual Studio 12.0\VC\include\stdio.h(356) : see declaration of 'sprintf'
     1>src\ERN2D\ERN2DUserInterface.cpp(195): warning C4996: 'sprintf': This function or variable may be unsafe. Consider using sprintf_s instead. To disable deprecation, use _CRT_SECURE_NO_WARNINGS. See online help for details.
                 C:\Program Files (x86)\Microsoft Visual Studio 12.0\VC\include\stdio.h(356) : see declaration of 'sprintf'
     1>src\ERN2D\ERN2DUserInterface.cpp(202): warning C4996: 'sprintf': This function or variable may be unsafe. Consider using sprintf_s instead. To disable deprecation, use _CRT_SECURE_NO_WARNINGS. See online help for details.
                 C:\Program Files (x86)\Microsoft Visual Studio 12.0\VC\include\stdio.h(356) : see declaration of 'sprintf'
     1>src\ERN2D\ERN2DUserInterface.cpp(209): warning C4996: 'sprintf': This function or variable may be unsafe. Consider using sprintf_s instead. To disable deprecation, use _CRT_SECURE_NO_WARNINGS. See online help for details.
                 C:\Program Files (x86)\Microsoft Visual Studio 12.0\VC\include\stdio.h(356) : see declaration of 'sprintf'
     1>src\ERN2D\ERN2DUserInterface.cpp(216): warning C4996: 'sprintf': This function or variable may be unsafe. Consider using sprintf_s instead. To disable deprecation, use _CRT_SECURE_NO_WARNINGS. See online help for details.
                 C:\Program Files (x86)\Microsoft Visual Studio 12.0\VC\include\stdio.h(356) : see declaration of 'sprintf'
         ERN2DViewMethod.cpp
     1>D:\rustam\Projects\TFG\App\include\volrend/Volume.h(41): warning C4244: 'return' : conversion from 'float' to 'int', possible loss of data
     1>D:\rustam\Projects\TFG\App\include\math/Matrix4.h(55): warning C4244: 'argument' : conversion from 'double' to 'float', possible loss of data
     1>D:\rustam\Projects\TFG\App\include\math/Matrix4.h(56): warning C4244: 'argument' : conversion from 'double' to 'float', possible loss of data
         Volume2D.cpp
     1>D:\rustam\Projects\TFG\App\include\volrend/Volume.h(41): warning C4244: 'return' : conversion from 'float' to 'int', possible loss of data
         ERNRenderer.cpp
     1>D:\rustam\Projects\TFG\App\include\volrend/Volume.h(41): warning C4244: 'return' : conversion from 'float' to 'int', possible loss of data
     1>D:\rustam\Projects\TFG\App\include\math/Matrix4.h(55): warning C4244: 'argument' : conversion from 'double' to 'float', possible loss of data
     1>D:\rustam\Projects\TFG\App\include\math/Matrix4.h(56): warning C4244: 'argument' : conversion from 'double' to 'float', possible loss of data
     1>D:\rustam\Projects\TFG\App\include\volrend/Utils.h(4): warning C4067: unexpected tokens following preprocessor directive - expected a newline
         ERNUserInterface.cpp
     1>D:\rustam\Projects\TFG\App\include\volrend/Volume.h(41): warning C4244: 'return' : conversion from 'float' to 'int', possible loss of data
     1>D:\rustam\Projects\TFG\App\include\math/Matrix4.h(55): warning C4244: 'argument' : conversion from 'double' to 'float', possible loss of data
     1>D:\rustam\Projects\TFG\App\include\math/Matrix4.h(56): warning C4244: 'argument' : conversion from 'double' to 'float', possible loss of data
     1>src\ERN\ERNUserInterface.cpp(35): warning C4996: 'sprintf': This function or variable may be unsafe. Consider using sprintf_s instead. To disable deprecation, use _CRT_SECURE_NO_WARNINGS. See online help for details.
                 C:\Program Files (x86)\Microsoft Visual Studio 12.0\VC\include\stdio.h(356) : see declaration of 'sprintf'
     1>src\ERN\ERNUserInterface.cpp(173): warning C4996: 'sprintf': This function or variable may be unsafe. Consider using sprintf_s instead. To disable deprecation, use _CRT_SECURE_NO_WARNINGS. See online help for details.
                 C:\Program Files (x86)\Microsoft Visual Studio 12.0\VC\include\stdio.h(356) : see declaration of 'sprintf'
     1>src\ERN\ERNUserInterface.cpp(252): warning C4996: 'sprintf': This function or variable may be unsafe. Consider using sprintf_s instead. To disable deprecation, use _CRT_SECURE_NO_WARNINGS. See online help for details.
                 C:\Program Files (x86)\Microsoft Visual Studio 12.0\VC\include\stdio.h(356) : see declaration of 'sprintf'
     1>src\ERN\ERNUserInterface.cpp(259): warning C4996: 'sprintf': This function or variable may be unsafe. Consider using sprintf_s instead. To disable deprecation, use _CRT_SECURE_NO_WARNINGS. See online help for details.
                 C:\Program Files (x86)\Microsoft Visual Studio 12.0\VC\include\stdio.h(356) : see declaration of 'sprintf'
     1>src\ERN\ERNUserInterface.cpp(276): warning C4996: 'sprintf': This function or variable may be unsafe. Consider using sprintf_s instead. To disable deprecation, use _CRT_SECURE_NO_WARNINGS. See online help for details.
                 C:\Program Files (x86)\Microsoft Visual Studio 12.0\VC\include\stdio.h(356) : see declaration of 'sprintf'
     1>src\ERN\ERNUserInterface.cpp(283): warning C4996: 'sprintf': This function or variable may be unsafe. Consider using sprintf_s instead. To disable deprecation, use _CRT_SECURE_NO_WARNINGS. See online help for details.
                 C:\Program Files (x86)\Microsoft Visual Studio 12.0\VC\include\stdio.h(356) : see declaration of 'sprintf'
     1>src\ERN\ERNUserInterface.cpp(290): warning C4996: 'sprintf': This function or variable may be unsafe. Consider using sprintf_s instead. To disable deprecation, use _CRT_SECURE_NO_WARNINGS. See online help for details.
                 C:\Program Files (x86)\Microsoft Visual Studio 12.0\VC\include\stdio.h(356) : see declaration of 'sprintf'
     1>src\ERN\ERNUserInterface.cpp(297): warning C4996: 'sprintf': This function or variable may be unsafe. Consider using sprintf_s instead. To disable deprecation, use _CRT_SECURE_NO_WARNINGS. See online help for details.
                 C:\Program Files (x86)\Microsoft Visual Studio 12.0\VC\include\stdio.h(356) : see declaration of 'sprintf'
     1>src\ERN\ERNUserInterface.cpp(304): warning C4996: 'sprintf': This function or variable may be unsafe. Consider using sprintf_s instead. To disable deprecation, use _CRT_SECURE_NO_WARNINGS. See online help for details.
                 C:\Program Files (x86)\Microsoft Visual Studio 12.0\VC\include\stdio.h(356) : see declaration of 'sprintf'
     1>src\ERN\ERNUserInterface.cpp(311): warning C4996: 'sprintf': This function or variable may be unsafe. Consider using sprintf_s instead. To disable deprecation, use _CRT_SECURE_NO_WARNINGS. See online help for details.
                 C:\Program Files (x86)\Microsoft Visual Studio 12.0\VC\include\stdio.h(356) : see declaration of 'sprintf'
     1>src\ERN\ERNUserInterface.cpp(318): warning C4996: 'sprintf': This function or variable may be unsafe. Consider using sprintf_s instead. To disable deprecation, use _CRT_SECURE_NO_WARNINGS. See online help for details.
                 C:\Program Files (x86)\Microsoft Visual Studio 12.0\VC\include\stdio.h(356) : see declaration of 'sprintf'
         ERNViewMethod.cpp
     1>D:\rustam\Projects\TFG\App\include\volrend/Volume.h(41): warning C4244: 'return' : conversion from 'float' to 'int', possible loss of data
     1>D:\rustam\Projects\TFG\App\include\math/Matrix4.h(55): warning C4244: 'argument' : conversion from 'double' to 'float', possible loss of data
     1>D:\rustam\Projects\TFG\App\include\math/Matrix4.h(56): warning C4244: 'argument' : conversion from 'double' to 'float', possible loss of data
         gbuffer.cpp
         RendererGLSL2P.cpp
     1>D:\rustam\Projects\TFG\App\include\volrend/Volume.h(41): warning C4244: 'return' : conversion from 'float' to 'int', possible loss of data
     1>D:\rustam\Projects\TFG\App\include\math/Matrix4.h(55): warning C4244: 'argument' : conversion from 'double' to 'float', possible loss of data
     1>D:\rustam\Projects\TFG\App\include\math/Matrix4.h(56): warning C4244: 'argument' : conversion from 'double' to 'float', possible loss of data
     1>D:\rustam\Projects\TFG\App\include\volrend/Utils.h(4): warning C4067: unexpected tokens following preprocessor directive - expected a newline
     1>src\GLSL2P\RendererGLSL2P.cpp(700): warning C4244: 'argument' : conversion from 'double' to 'float', possible loss of data
         UserInterfaceGLSL2P.cpp
     1>D:\rustam\Projects\TFG\App\include\volrend/Volume.h(41): warning C4244: 'return' : conversion from 'float' to 'int', possible loss of data
     1>D:\rustam\Projects\TFG\App\include\math/Matrix4.h(55): warning C4244: 'argument' : conversion from 'double' to 'float', possible loss of data
     1>D:\rustam\Projects\TFG\App\include\math/Matrix4.h(56): warning C4244: 'argument' : conversion from 'double' to 'float', possible loss of data
     1>src\GLSL2P\UserInterfaceGLSL2P.cpp(192): warning C4996: 'sprintf': This function or variable may be unsafe. Consider using sprintf_s instead. To disable deprecation, use _CRT_SECURE_NO_WARNINGS. See online help for details.
                 C:\Program Files (x86)\Microsoft Visual Studio 12.0\VC\include\stdio.h(356) : see declaration of 'sprintf'
     1>src\GLSL2P\UserInterfaceGLSL2P.cpp(199): warning C4996: 'sprintf': This function or variable may be unsafe. Consider using sprintf_s instead. To disable deprecation, use _CRT_SECURE_NO_WARNINGS. See online help for details.
                 C:\Program Files (x86)\Microsoft Visual Studio 12.0\VC\include\stdio.h(356) : see declaration of 'sprintf'
     1>src\GLSL2P\UserInterfaceGLSL2P.cpp(206): warning C4996: 'sprintf': This function or variable may be unsafe. Consider using sprintf_s instead. To disable deprecation, use _CRT_SECURE_NO_WARNINGS. See online help for details.
                 C:\Program Files (x86)\Microsoft Visual Studio 12.0\VC\include\stdio.h(356) : see declaration of 'sprintf'
     1>src\GLSL2P\UserInterfaceGLSL2P.cpp(213): warning C4996: 'sprintf': This function or variable may be unsafe. Consider using sprintf_s instead. To disable deprecation, use _CRT_SECURE_NO_WARNINGS. See online help for details.
                 C:\Program Files (x86)\Microsoft Visual Studio 12.0\VC\include\stdio.h(356) : see declaration of 'sprintf'
     1>src\GLSL2P\UserInterfaceGLSL2P.cpp(220): warning C4996: 'sprintf': This function or variable may be unsafe. Consider using sprintf_s instead. To disable deprecation, use _CRT_SECURE_NO_WARNINGS. See online help for details.
                 C:\Program Files (x86)\Microsoft Visual Studio 12.0\VC\include\stdio.h(356) : see declaration of 'sprintf'
     1>src\GLSL2P\UserInterfaceGLSL2P.cpp(227): warning C4996: 'sprintf': This function or variable may be unsafe. Consider using sprintf_s instead. To disable deprecation, use _CRT_SECURE_NO_WARNINGS. See online help for details.
                 C:\Program Files (x86)\Microsoft Visual Studio 12.0\VC\include\stdio.h(356) : see declaration of 'sprintf'
     1>src\GLSL2P\UserInterfaceGLSL2P.cpp(234): warning C4996: 'sprintf': This function or variable may be unsafe. Consider using sprintf_s instead. To disable deprecation, use _CRT_SECURE_NO_WARNINGS. See online help for details.
                 C:\Program Files (x86)\Microsoft Visual Studio 12.0\VC\include\stdio.h(356) : see declaration of 'sprintf'
         ViewMethodGLSL2P.cpp
     1>D:\rustam\Projects\TFG\App\include\volrend/Volume.h(41): warning C4244: 'return' : conversion from 'float' to 'int', possible loss of data
     1>D:\rustam\Projects\TFG\App\include\math/Matrix4.h(55): warning C4244: 'argument' : conversion from 'double' to 'float', possible loss of data
     1>D:\rustam\Projects\TFG\App\include\math/Matrix4.h(56): warning C4244: 'argument' : conversion from 'double' to 'float', possible loss of data
         RendererIAS.cpp
     1>D:\rustam\Projects\TFG\App\include\volrend/Volume.h(41): warning C4244: 'return' : conversion from 'float' to 'int', possible loss of data
     1>D:\rustam\Projects\TFG\App\include\math/Matrix4.h(55): warning C4244: 'argument' : conversion from 'double' to 'float', possible loss of data
     1>D:\rustam\Projects\TFG\App\include\math/Matrix4.h(56): warning C4244: 'argument' : conversion from 'double' to 'float', possible loss of data
     1>D:\rustam\Projects\TFG\App\include\volrend/Utils.h(4): warning C4067: unexpected tokens following preprocessor directive - expected a newline
     1>src\IAS\RendererIAS.cpp(453): warning C4305: 'argument' : truncation from 'double' to 'float'
         UserInterfaceIAS.cpp
     1>D:\rustam\Projects\TFG\App\include\volrend/Volume.h(41): warning C4244: 'return' : conversion from 'float' to 'int', possible loss of data
     1>D:\rustam\Projects\TFG\App\include\math/Matrix4.h(55): warning C4244: 'argument' : conversion from 'double' to 'float', possible loss of data
     1>D:\rustam\Projects\TFG\App\include\math/Matrix4.h(56): warning C4244: 'argument' : conversion from 'double' to 'float', possible loss of data
     1>src\IAS\UserInterfaceIAS.cpp(230): warning C4996: 'sprintf': This function or variable may be unsafe. Consider using sprintf_s instead. To disable deprecation, use _CRT_SECURE_NO_WARNINGS. See online help for details.
                 C:\Program Files (x86)\Microsoft Visual Studio 12.0\VC\include\stdio.h(356) : see declaration of 'sprintf'
     1>src\IAS\UserInterfaceIAS.cpp(237): warning C4996: 'sprintf': This function or variable may be unsafe. Consider using sprintf_s instead. To disable deprecation, use _CRT_SECURE_NO_WARNINGS. See online help for details.
                 C:\Program Files (x86)\Microsoft Visual Studio 12.0\VC\include\stdio.h(356) : see declaration of 'sprintf'
     1>src\IAS\UserInterfaceIAS.cpp(244): warning C4996: 'sprintf': This function or variable may be unsafe. Consider using sprintf_s instead. To disable deprecation, use _CRT_SECURE_NO_WARNINGS. See online help for details.
                 C:\Program Files (x86)\Microsoft Visual Studio 12.0\VC\include\stdio.h(356) : see declaration of 'sprintf'
     1>src\IAS\UserInterfaceIAS.cpp(251): warning C4996: 'sprintf': This function or variable may be unsafe. Consider using sprintf_s instead. To disable deprecation, use _CRT_SECURE_NO_WARNINGS. See online help for details.
                 C:\Program Files (x86)\Microsoft Visual Studio 12.0\VC\include\stdio.h(356) : see declaration of 'sprintf'
     1>src\IAS\UserInterfaceIAS.cpp(258): warning C4996: 'sprintf': This function or variable may be unsafe. Consider using sprintf_s instead. To disable deprecation, use _CRT_SECURE_NO_WARNINGS. See online help for details.
                 C:\Program Files (x86)\Microsoft Visual Studio 12.0\VC\include\stdio.h(356) : see declaration of 'sprintf'
     1>src\IAS\UserInterfaceIAS.cpp(265): warning C4996: 'sprintf': This function or variable may be unsafe. Consider using sprintf_s instead. To disable deprecation, use _CRT_SECURE_NO_WARNINGS. See online help for details.
                 C:\Program Files (x86)\Microsoft Visual Studio 12.0\VC\include\stdio.h(356) : see declaration of 'sprintf'
     1>src\IAS\UserInterfaceIAS.cpp(272): warning C4996: 'sprintf': This function or variable may be unsafe. Consider using sprintf_s instead. To disable deprecation, use _CRT_SECURE_NO_WARNINGS. See online help for details.
                 C:\Program Files (x86)\Microsoft Visual Studio 12.0\VC\include\stdio.h(356) : see declaration of 'sprintf'
         ViewMethodIAS.cpp
     1>D:\rustam\Projects\TFG\App\include\volrend/Volume.h(41): warning C4244: 'return' : conversion from 'float' to 'int', possible loss of data
     1>D:\rustam\Projects\TFG\App\include\math/Matrix4.h(55): warning C4244: 'argument' : conversion from 'double' to 'float', possible loss of data
     1>D:\rustam\Projects\TFG\App\include\math/Matrix4.h(56): warning C4244: 'argument' : conversion from 'double' to 'float', possible loss of data
         Generating Code...
         Compiling...
         main.cpp
     1>D:\rustam\Projects\TFG\App\include\volrend/Volume.h(41): warning C4244: 'return' : conversion from 'float' to 'int', possible loss of data
         TransferFunctionsViewer.cpp
     1>D:\rustam\Projects\TFG\App\include\volrend/Volume.h(41): warning C4244: 'return' : conversion from 'float' to 'int', possible loss of data
     1>src\TransferFunctionViewer\TransferFunctionsViewer.cpp(113): warning C4244: '=' : conversion from 'double' to 'float', possible loss of data
     1>src\TransferFunctionViewer\TransferFunctionsViewer.cpp(114): warning C4244: '=' : conversion from 'double' to 'float', possible loss of data
     1>src\TransferFunctionViewer\TransferFunctionsViewer.cpp(115): warning C4244: '=' : conversion from 'double' to 'float', possible loss of data
     1>src\TransferFunctionViewer\TransferFunctionsViewer.cpp(120): warning C4244: '=' : conversion from 'double' to 'float', possible loss of data
     1>src\TransferFunctionViewer\TransferFunctionsViewer.cpp(121): warning C4244: '=' : conversion from 'double' to 'float', possible loss of data
     1>src\TransferFunctionViewer\TransferFunctionsViewer.cpp(122): warning C4244: '=' : conversion from 'double' to 'float', possible loss of data
         Viewer.cpp
     1>D:\rustam\Projects\TFG\App\include\volrend/Volume.h(41): warning C4244: 'return' : conversion from 'float' to 'int', possible loss of data
     1>D:\rustam\Projects\TFG\App\include\volrend/Utils.h(4): warning C4067: unexpected tokens following preprocessor directive - expected a newline
     1>D:\rustam\Projects\TFG\App\include\math/Matrix4.h(55): warning C4244: 'argument' : conversion from 'double' to 'float', possible loss of data
     1>D:\rustam\Projects\TFG\App\include\math/Matrix4.h(56): warning C4244: 'argument' : conversion from 'double' to 'float', possible loss of data
     1>D:\rustam\Projects\TFG\App\include\raytracer/Camera/RTCamera.h(22): warning C4091: 'typedef ' : ignored on left of 'rt::Struct_RTCamera_init' when no variable is declared
     1>d:\rustam\projects\tfg\app\volumerendering\src\cpu\Evaluator.h(373): warning C4018: '<' : signed/unsigned mismatch
     1>d:\rustam\projects\tfg\app\volumerendering\src\cpu\Evaluator.h(384): warning C4018: '<' : signed/unsigned mismatch
     1>d:\rustam\projects\tfg\app\volumerendering\src\cpu\Evaluator.h(399): warning C4018: '<' : signed/unsigned mismatch
         ViewerInterface.cpp
     1>D:\rustam\Projects\TFG\App\include\volrend/Volume.h(41): warning C4244: 'return' : conversion from 'float' to 'int', possible loss of data
         Generating Code...
       Link:
         C:\Program Files (x86)\Microsoft Visual Studio 12.0\VC\bin\link.exe /ERRORREPORT:PROMPT /OUT:"D:\rustam\Projects\TFG\App\\bin\Win32\Release\volumerenderingiup.exe" /INCREMENTAL:NO /NOLOGO /LIBPATH:..\lib /LIBPATH:..\lib\raytracer /LIBPATH:..\lib\volrend /LIBPATH:..\lib\glutils /LIBPATH:..\lib\lqc /LIBPATH:..\lib\math /LIBPATH:..\lib\pthreads_w32\x86 /LIBPATH:..\lib\iup_3_11_1\Win32 /LIBPATH:..\lib\cd_5_8\Win32 /LIBPATH:..\lib\im_3_9 iupgl.lib iup.lib im.lib pthreadVSE2.lib raytracer.lib volrend.lib glutils.lib lqc.lib math.lib glew32.lib glew32s.lib kernel32.lib user32.lib gdi32.lib winspool.lib comdlg32.lib advapi32.lib shell32.lib ole32.lib oleaut32.lib uuid.lib odbc32.lib odbccp32.lib kernel32.lib user32.lib gdi32.lib winspool.lib comdlg32.lib advapi32.lib shell32.lib ole32.lib oleaut32.lib uuid.lib odbc32.lib odbccp32.lib /MANIFEST /MANIFESTUAC:"level='asInvoker' uiAccess='false'" /manifest:embed /DEBUG /PDB:"D:\rustam\Projects\TFG\App\\bin\Win32\Release\volumerenderingiup.pdb" /SUBSYSTEM:CONSOLE /OPT:REF /OPT:ICF /TLBID:1 /DYNAMICBASE /NXCOMPAT /IMPLIB:"D:\rustam\Projects\TFG\App\\bin\Win32\Release\volumerenderingiup.lib" /MACHINE:X86 /SAFESEH D:\rustam\Projects\TFG\App\\bin\Win32\Release\volumerenderingiup\RendererAdaptive.obj
         D:\rustam\Projects\TFG\App\\bin\Win32\Release\volumerenderingiup\UserInterfaceAdaptive.obj
         D:\rustam\Projects\TFG\App\\bin\Win32\Release\volumerenderingiup\ViewMethodAdaptive.obj
         D:\rustam\Projects\TFG\App\\bin\Win32\Release\volumerenderingiup\CPUTimer.obj
         D:\rustam\Projects\TFG\App\\bin\Win32\Release\volumerenderingiup\Coupled.obj
         D:\rustam\Projects\TFG\App\\bin\Win32\Release\volumerenderingiup\Decoupled.obj
         D:\rustam\Projects\TFG\App\\bin\Win32\Release\volumerenderingiup\Evaluator.obj
         D:\rustam\Projects\TFG\App\\bin\Win32\Release\volumerenderingiup\RendererCPU.obj
         D:\rustam\Projects\TFG\App\\bin\Win32\Release\volumerenderingiup\RiemannSummation.obj
         D:\rustam\Projects\TFG\App\\bin\Win32\Release\volumerenderingiup\SimpsonErrorHalfProjectionIntegrator.obj
         D:\rustam\Projects\TFG\App\\bin\Win32\Release\volumerenderingiup\SimpsonErrorIntegrator.obj
         D:\rustam\Projects\TFG\App\\bin\Win32\Release\volumerenderingiup\SimpsonErrorHalfIntegrator.obj
         D:\rustam\Projects\TFG\App\\bin\Win32\Release\volumerenderingiup\SimpsonErrorProjectionIntegrator.obj
         D:\rustam\Projects\TFG\App\\bin\Win32\Release\volumerenderingiup\SimpsonErrorQuadraticIntegrator.obj
         D:\rustam\Projects\TFG\App\\bin\Win32\Release\volumerenderingiup\SimpsonHalfIntegrator.obj
         D:\rustam\Projects\TFG\App\\bin\Win32\Release\volumerenderingiup\SimpsonHalfIterateIntegrator.obj
         D:\rustam\Projects\TFG\App\\bin\Win32\Release\volumerenderingiup\SimpsonHalfIteratorRiemannError.obj
         D:\rustam\Projects\TFG\App\\bin\Win32\Release\volumerenderingiup\SimpsonHalfQueueIntegrator.obj
         D:\rustam\Projects\TFG\App\\bin\Win32\Release\volumerenderingiup\SimpsonIntegrator.obj
         D:\rustam\Projects\TFG\App\\bin\Win32\Release\volumerenderingiup\SimpsonRule.obj
         D:\rustam\Projects\TFG\App\\bin\Win32\Release\volumerenderingiup\UserInterfaceCPU.obj
         D:\rustam\Projects\TFG\App\\bin\Win32\Release\volumerenderingiup\ViewMethodCPU.obj
         D:\rustam\Projects\TFG\App\\bin\Win32\Release\volumerenderingiup\VolumeEvaluator.obj
         D:\rustam\Projects\TFG\App\\bin\Win32\Release\volumerenderingiup\RendererEquidistant.obj
         D:\rustam\Projects\TFG\App\\bin\Win32\Release\volumerenderingiup\UserInterfaceEquidistant.obj
         D:\rustam\Projects\TFG\App\\bin\Win32\Release\volumerenderingiup\ViewMethodEquidistant.obj
         D:\rustam\Projects\TFG\App\\bin\Win32\Release\volumerenderingiup\ERN2DRenderer.obj
         D:\rustam\Projects\TFG\App\\bin\Win32\Release\volumerenderingiup\ERN2DUserInterface.obj
         D:\rustam\Projects\TFG\App\\bin\Win32\Release\volumerenderingiup\ERN2DViewMethod.obj
         D:\rustam\Projects\TFG\App\\bin\Win32\Release\volumerenderingiup\Volume2D.obj
         D:\rustam\Projects\TFG\App\\bin\Win32\Release\volumerenderingiup\ERNRenderer.obj
         D:\rustam\Projects\TFG\App\\bin\Win32\Release\volumerenderingiup\ERNUserInterface.obj
         D:\rustam\Projects\TFG\App\\bin\Win32\Release\volumerenderingiup\ERNViewMethod.obj
         D:\rustam\Projects\TFG\App\\bin\Win32\Release\volumerenderingiup\gbuffer.obj
         D:\rustam\Projects\TFG\App\\bin\Win32\Release\volumerenderingiup\RendererGLSL2P.obj
         D:\rustam\Projects\TFG\App\\bin\Win32\Release\volumerenderingiup\UserInterfaceGLSL2P.obj
         D:\rustam\Projects\TFG\App\\bin\Win32\Release\volumerenderingiup\ViewMethodGLSL2P.obj
         D:\rustam\Projects\TFG\App\\bin\Win32\Release\volumerenderingiup\RendererIAS.obj
         D:\rustam\Projects\TFG\App\\bin\Win32\Release\volumerenderingiup\UserInterfaceIAS.obj
         D:\rustam\Projects\TFG\App\\bin\Win32\Release\volumerenderingiup\ViewMethodIAS.obj
         D:\rustam\Projects\TFG\App\\bin\Win32\Release\volumerenderingiup\main.obj
         D:\rustam\Projects\TFG\App\\bin\Win32\Release\volumerenderingiup\TransferFunctionsViewer.obj
         D:\rustam\Projects\TFG\App\\bin\Win32\Release\volumerenderingiup\Viewer.obj
         D:\rustam\Projects\TFG\App\\bin\Win32\Release\volumerenderingiup\ViewerInterface.obj
         raytracer.lib(RTCamera.obj) : MSIL .netmodule or module compiled with /GL found; restarting link with /LTCG; add /LTCG to the link command line to improve linker performance
         Generating code
         Finished generating code
         IupVolumeRendering.vcxproj -> D:\rustam\Projects\TFG\App\\bin\Win32\Release\volumerenderingiup.exe
     1>Done Building Project "D:\rustam\Projects\TFG\App\VolumeRendering\IupVolumeRendering.vcxproj" (Build target(s)).

Build succeeded.

Time Elapsed 00:00:34.38
