c:\users\rustam\projetos\tfg\app\atfg\release\vc120.pdb
c:\users\rustam\projetos\tfg\app\atfg\release\volwriter.obj
c:\users\rustam\projetos\tfg\app\atfg\release\volume.obj
c:\users\rustam\projetos\tfg\app\atfg\release\utils.obj
c:\users\rustam\projetos\tfg\app\atfg\release\transferfunction2d.obj
c:\users\rustam\projetos\tfg\app\atfg\release\transferfunction1d.obj
c:\users\rustam\projetos\tfg\app\atfg\release\transferfunction.obj
c:\users\rustam\projetos\tfg\app\atfg\release\tank.obj
c:\users\rustam\projetos\tfg\app\atfg\release\reader.obj
c:\users\rustam\projetos\tfg\app\atfg\release\rawfile.obj
c:\users\rustam\projetos\tfg\app\atfg\release\predictionmap.obj
c:\users\rustam\projetos\tfg\app\atfg\release\pgmfile.obj
c:\users\rustam\projetos\tfg\app\atfg\release\histogram.obj
c:\users\rustam\projetos\tfg\app\atfg\release\derivativemask.obj
c:\users\rustam\projetos\tfg\app\atfg\release\clusterset.obj
c:\users\rustam\projetos\tfg\app\atfg\release\cluster.obj
c:\users\rustam\projetos\tfg\app\atfg\release\cell.obj
c:\users\rustam\projetos\tfg\app\atfg\release\brick8.obj
c:\users\rustam\projetos\tfg\app\atfg\release\atfgenerator.obj
c:\users\rustam\projetos\vis\app\atfg\release\vc120.pdb
c:\users\rustam\projetos\vis\app\atfg\release\volwriter.obj
c:\users\rustam\projetos\vis\app\atfg\release\volume.obj
c:\users\rustam\projetos\vis\app\atfg\release\utils.obj
c:\users\rustam\projetos\vis\app\atfg\release\transferfunction2d.obj
c:\users\rustam\projetos\vis\app\atfg\release\transferfunction1d.obj
c:\users\rustam\projetos\vis\app\atfg\release\transferfunction.obj
c:\users\rustam\projetos\vis\app\atfg\release\tank.obj
c:\users\rustam\projetos\vis\app\atfg\release\reader.obj
c:\users\rustam\projetos\vis\app\atfg\release\rawfile.obj
c:\users\rustam\projetos\vis\app\atfg\release\predictionmap.obj
c:\users\rustam\projetos\vis\app\atfg\release\pgmfile.obj
c:\users\rustam\projetos\vis\app\atfg\release\histogram.obj
c:\users\rustam\projetos\vis\app\atfg\release\derivativemask.obj
c:\users\rustam\projetos\vis\app\atfg\release\clusterset.obj
c:\users\rustam\projetos\vis\app\atfg\release\cluster.obj
c:\users\rustam\projetos\vis\app\atfg\release\cell.obj
c:\users\rustam\projetos\vis\app\atfg\release\brick8.obj
c:\users\rustam\projetos\vis\app\atfg\release\atfgenerator.obj
c:\users\rustam\projetos\tfg\app\lib\atfg\x64\atfg.lib
c:\users\rustam\projetos\vis\app\lib\atfg\x64\atfg.lib
c:\users\rustam\projetos\vis\app\\lib\atfg\x64\atfg.lib
c:\users\rustam\projetos\vis\app\atfg\release\atfg.tlog\cl.command.1.tlog
c:\users\rustam\projetos\vis\app\atfg\release\atfg.tlog\cl.read.1.tlog
c:\users\rustam\projetos\vis\app\atfg\release\atfg.tlog\cl.write.1.tlog
c:\users\rustam\projetos\vis\app\atfg\release\atfg.tlog\lib-link.read.1.tlog
c:\users\rustam\projetos\vis\app\atfg\release\atfg.tlog\lib-link.write.1.tlog
c:\users\rustam\projetos\vis\app\atfg\release\atfg.tlog\lib.command.1.tlog
