d:\rustam\volumerendering\app\lqc_math\debug\vc120.pdb
d:\rustam\volumerendering\app\lqc_math\debug\vc120.idb
d:\rustam\volumerendering\app\lqc_math\debug\camera.obj
d:\rustam\volumerendering\app\lqc_math\debug\camera_glm.obj
d:\rustam\volumerendering\app\lqc_math\debug\convexhull.obj
d:\rustam\volumerendering\app\lqc_math\debug\diicooksvd.obj
d:\rustam\volumerendering\app\lqc_math\debug\grudicsvd.obj
d:\rustam\volumerendering\app\lqc_math\debug\mgeometry.obj
d:\rustam\volumerendering\app\lqc_math\debug\mpolygon.obj
d:\rustam\volumerendering\app\lqc_math\debug\msvd.obj
d:\rustam\volumerendering\app\lqc_math\debug\mutils.obj
d:\rustam\volumerendering\app\lqc_math\debug\quaternion.obj
d:\rustam\volumerendering\app\lqc_math\debug\vector2.obj
d:\rustam\volumerendering\app\lqc_math\debug\vector3.obj
d:\rustam\volumerendering\app\lqc_math\debug\vector4.obj
d:\rustam\volumerendering\app\lib\math\math_d.lib
d:\rustam\volumerendering\app\\lib\math\math_d.lib
d:\rustam\volumerendering\app\lqc_math\debug\_lib_math.tlog\cl.command.1.tlog
d:\rustam\volumerendering\app\lqc_math\debug\_lib_math.tlog\cl.read.1.tlog
d:\rustam\volumerendering\app\lqc_math\debug\_lib_math.tlog\cl.write.1.tlog
d:\rustam\volumerendering\app\lqc_math\debug\_lib_math.tlog\lib-link.read.1.tlog
d:\rustam\volumerendering\app\lqc_math\debug\_lib_math.tlog\lib-link.write.1.tlog
d:\rustam\volumerendering\app\lqc_math\debug\_lib_math.tlog\lib.command.1.tlog
