Build started 23/03/2016 17:53:09.
     1>Project "D:\rustam\VolumeRendering\App\lqc_math\math.vcxproj" on node 2 (Rebuild target(s)).
     1>ClCompile:
         C:\Program Files (x86)\Microsoft Visual Studio 12.0\VC\bin\CL.exe /c /I..\include /ZI /nologo /W3 /WX- /Od /Oy- /D WIN32 /D _DEBUG /D _LIB /D _UNICODE /D UNICODE /Gm /EHsc /RTC1 /MDd /GS /fp:precise /Zc:wchar_t /Zc:forScope /Fo"Debug\\" /Fd"Debug\vc120.pdb" /Gd /TP /analyze- /errorReport:prompt src\Camera.cpp src\Camera_glm.cpp src\convexhull.cpp src\diicooksvd.cpp src\grudicsvd.cpp src\MGeometry.cpp src\MPolygon.cpp src\MSVD.cpp src\MUtils.cpp src\Quaternion.cpp src\Vector2.cpp src\Vector3.cpp src\Vector4.cpp
         Vector4.cpp
         Vector3.cpp
         Vector2.cpp
         Quaternion.cpp
     1>d:\rustam\volumerendering\app\include\math\matrix4.h(55): warning C4244: 'argument' : conversion from 'double' to 'float', possible loss of data
     1>d:\rustam\volumerendering\app\include\math\matrix4.h(56): warning C4244: 'argument' : conversion from 'double' to 'float', possible loss of data
     1>d:\rustam\volumerendering\app\lqc_math\src\quaternion.cpp(170): warning C4244: 'initializing' : conversion from 'double' to 'float', possible loss of data
     1>d:\rustam\volumerendering\app\lqc_math\src\quaternion.cpp(171): warning C4244: 'initializing' : conversion from 'double' to 'float', possible loss of data
     1>d:\rustam\volumerendering\app\lqc_math\src\quaternion.cpp(172): warning C4244: 'initializing' : conversion from 'double' to 'float', possible loss of data
     1>d:\rustam\volumerendering\app\lqc_math\src\quaternion.cpp(202): warning C4305: 'initializing' : truncation from 'double' to 'float'
     1>d:\rustam\volumerendering\app\lqc_math\src\quaternion.cpp(202): warning C4552: '/' : operator has no effect; expected operator with side-effect
         MUtils.cpp
     1>d:\rustam\volumerendering\app\include\math\matrix4.h(55): warning C4244: 'argument' : conversion from 'double' to 'float', possible loss of data
     1>d:\rustam\volumerendering\app\include\math\matrix4.h(56): warning C4244: 'argument' : conversion from 'double' to 'float', possible loss of data
         MSVD.cpp
         MPolygon.cpp
         MGeometry.cpp
     1>d:\rustam\volumerendering\app\lqc_math\src\mgeometry.cpp(137): warning C4244: 'return' : conversion from 'double' to 'float', possible loss of data
         grudicsvd.cpp
         diicooksvd.cpp
         convexhull.cpp
     1>d:\rustam\volumerendering\app\include\math\matrix4.h(55): warning C4244: 'argument' : conversion from 'double' to 'float', possible loss of data
     1>d:\rustam\volumerendering\app\include\math\matrix4.h(56): warning C4244: 'argument' : conversion from 'double' to 'float', possible loss of data
         Camera_glm.cpp
     1>d:\rustam\volumerendering\app\include\math\matrix4.h(55): warning C4244: 'argument' : conversion from 'double' to 'float', possible loss of data
     1>d:\rustam\volumerendering\app\include\math\matrix4.h(56): warning C4244: 'argument' : conversion from 'double' to 'float', possible loss of data
     1>d:\rustam\volumerendering\app\lqc_math\src\camera_glm.cpp(40): warning C4244: 'argument' : conversion from 'double' to 'float', possible loss of data
     1>d:\rustam\volumerendering\app\lqc_math\src\camera_glm.cpp(41): warning C4244: 'argument' : conversion from 'double' to 'float', possible loss of data
         GLM: perspective function taking degrees as a parameter is deprecated. #define GLM_FORCE_RADIANS before including GLM headers to remove this message.
         Camera.cpp
     1>d:\rustam\volumerendering\app\include\math\matrix4.h(55): warning C4244: 'argument' : conversion from 'double' to 'float', possible loss of data
     1>d:\rustam\volumerendering\app\include\math\matrix4.h(56): warning C4244: 'argument' : conversion from 'double' to 'float', possible loss of data
     1>d:\rustam\volumerendering\app\lqc_math\src\camera.cpp(199): warning C4244: 'argument' : conversion from 'double' to 'float', possible loss of data
     1>d:\rustam\volumerendering\app\lqc_math\src\camera.cpp(205): warning C4244: 'argument' : conversion from 'double' to 'float', possible loss of data
         Generating Code...
       Lib:
         C:\Program Files (x86)\Microsoft Visual Studio 12.0\VC\bin\Lib.exe /OUT:"D:\rustam\VolumeRendering\App\\lib\math\math_d.lib" /LIBPATH:..\lib /NOLOGO Debug\Camera.obj
         Debug\Camera_glm.obj
         Debug\convexhull.obj
         Debug\diicooksvd.obj
         Debug\grudicsvd.obj
         Debug\MGeometry.obj
         Debug\MPolygon.obj
         Debug\MSVD.obj
         Debug\MUtils.obj
         Debug\Quaternion.obj
         Debug\Vector2.obj
         Debug\Vector3.obj
         Debug\Vector4.obj
         math.vcxproj -> D:\rustam\VolumeRendering\App\\lib\math\math_d.lib
     1>Done Building Project "D:\rustam\VolumeRendering\App\lqc_math\math.vcxproj" (Rebuild target(s)).

Build succeeded.

Time Elapsed 00:00:04.70
