c:\users\rustam\projetos\tfg\app\bin\win32\debug\atfgeneratorapp\vc120.pdb
c:\users\rustam\projetos\tfg\app\bin\win32\debug\atfgeneratorapp\vc120.idb
c:\users\rustam\projetos\tfg\app\bin\win32\debug\atfgeneratorapp\ern2drenderer.obj
c:\users\rustam\projetos\tfg\app\bin\win32\debug\atfgeneratorapp\ern2duserinterface.obj
c:\users\rustam\projetos\tfg\app\bin\win32\debug\atfgeneratorapp\ern2dviewmethod.obj
c:\users\rustam\projetos\tfg\app\bin\win32\debug\atfgeneratorapp\volume2d.obj
c:\users\rustam\projetos\tfg\app\bin\win32\debug\atfgeneratorapp\ernrenderer.obj
c:\users\rustam\projetos\tfg\app\bin\win32\debug\atfgeneratorapp\ernuserinterface.obj
c:\users\rustam\projetos\tfg\app\bin\win32\debug\atfgeneratorapp\ernviewmethod.obj
c:\users\rustam\projetos\tfg\app\bin\win32\debug\atfgeneratorapp\gbuffer.obj
c:\users\rustam\projetos\tfg\app\bin\win32\debug\atfgeneratorapp\rendererglsl2p.obj
c:\users\rustam\projetos\tfg\app\bin\win32\debug\atfgeneratorapp\userinterfaceglsl2p.obj
c:\users\rustam\projetos\tfg\app\bin\win32\debug\atfgeneratorapp\viewmethodglsl2p.obj
c:\users\rustam\projetos\tfg\app\bin\win32\debug\atfgeneratorapp\rendererias.obj
c:\users\rustam\projetos\tfg\app\bin\win32\debug\atfgeneratorapp\userinterfaceias.obj
c:\users\rustam\projetos\tfg\app\bin\win32\debug\atfgeneratorapp\viewmethodias.obj
c:\users\rustam\projetos\tfg\app\bin\win32\debug\atfgeneratorapp\main.obj
c:\users\rustam\projetos\tfg\app\bin\win32\debug\atfgeneratorapp\cell.obj
c:\users\rustam\projetos\tfg\app\bin\win32\debug\atfgeneratorapp\tank.obj
c:\users\rustam\projetos\tfg\app\bin\win32\debug\atfgeneratorapp\transferfunctionsviewer.obj
c:\users\rustam\projetos\tfg\app\bin\win32\debug\atfgeneratorapp\viewer.obj
c:\users\rustam\projetos\tfg\app\bin\win32\debug\atfgeneratorapp\viewerinterface.obj
c:\users\rustam\projetos\tfg\app\bin\win32\debug\atfgeneratorapp\evaluator.obj
c:\users\rustam\projetos\tfg\app\bin\win32\debug\atfgeneratorapp\renderercpu.obj
c:\users\rustam\projetos\tfg\app\bin\win32\debug\atfgeneratorapp\riemannsummation.obj
c:\users\rustam\projetos\tfg\app\bin\win32\debug\atfgeneratorapp\simpsonerrorhalfprojectionintegrator.obj
c:\users\rustam\projetos\tfg\app\bin\win32\debug\atfgeneratorapp\simpsonerrorintegrator.obj
c:\users\rustam\projetos\tfg\app\bin\win32\debug\atfgeneratorapp\simpsonerrorhalfintegrator.obj
c:\users\rustam\projetos\tfg\app\bin\win32\debug\atfgeneratorapp\simpsonerrorprojectionintegrator.obj
c:\users\rustam\projetos\tfg\app\bin\win32\debug\atfgeneratorapp\simpsonerrorquadraticintegrator.obj
c:\users\rustam\projetos\tfg\app\bin\win32\debug\atfgeneratorapp\simpsonhalfintegrator.obj
c:\users\rustam\projetos\tfg\app\bin\win32\debug\atfgeneratorapp\simpsonhalfiterateintegrator.obj
c:\users\rustam\projetos\tfg\app\bin\win32\debug\atfgeneratorapp\simpsonhalfiteratorriemannerror.obj
c:\users\rustam\projetos\tfg\app\bin\win32\debug\atfgeneratorapp\simpsonhalfqueueintegrator.obj
c:\users\rustam\projetos\tfg\app\bin\win32\debug\atfgeneratorapp\simpsonintegrator.obj
c:\users\rustam\projetos\tfg\app\bin\win32\debug\atfgeneratorapp\simpsonrule.obj
c:\users\rustam\projetos\tfg\app\bin\win32\debug\atfgeneratorapp\userinterfacecpu.obj
c:\users\rustam\projetos\tfg\app\bin\win32\debug\atfgeneratorapp\viewmethodcpu.obj
c:\users\rustam\projetos\tfg\app\bin\win32\debug\atfgeneratorapp\volumeevaluator.obj
c:\users\rustam\projetos\tfg\app\bin\win32\debug\atfgeneratorapp\rendererequidistant.obj
c:\users\rustam\projetos\tfg\app\bin\win32\debug\atfgeneratorapp\userinterfaceequidistant.obj
c:\users\rustam\projetos\tfg\app\bin\win32\debug\atfgeneratorapp\viewmethodequidistant.obj
c:\users\rustam\projetos\tfg\app\bin\win32\debug\atfgeneratorapp\rendereradaptive.obj
c:\users\rustam\projetos\tfg\app\bin\win32\debug\atfgeneratorapp\userinterfaceadaptive.obj
c:\users\rustam\projetos\tfg\app\bin\win32\debug\atfgeneratorapp\viewmethodadaptive.obj
c:\users\rustam\projetos\tfg\app\bin\win32\debug\atfgeneratorapp\atfgenerator.obj
c:\users\rustam\projetos\tfg\app\bin\win32\debug\atfgeneratorapp\derivativemask.obj
c:\users\rustam\projetos\tfg\app\bin\win32\debug\atfgeneratorapp\fasttfgenerator.obj
c:\users\rustam\projetos\tfg\app\bin\win32\debug\atfgeneratorapp\histogram.obj
c:\users\rustam\projetos\tfg\app\bin\win32\debug\atfgeneratorapp\rawfile.obj
c:\users\rustam\projetos\tfg\app\bin\win32\debug\atfgeneratorapp\pgmfile.obj
c:\users\rustam\projetos\tfg\app\bin\win32\debug\atfgeneratorapp\functiondesigner.obj
c:\users\rustam\projetos\tfg\app\bin\win32\debug\atfgeneratorapp\cputimer.obj
c:\users\rustam\projetos\tfg\app\bin\win32\debug\atfgeneratorapp\coupled.obj
c:\users\rustam\projetos\tfg\app\bin\win32\debug\atfgeneratorapp\decoupled.obj
c:\users\rustam\projetos\tfg\app\bin\win32\debug\atfgeneratorapp.ilk
c:\users\rustam\projetos\tfg\app\bin\win32\debug\atfgeneratorapp.exe
c:\users\rustam\projetos\tfg\app\bin\win32\debug\atfgeneratorapp.pdb
c:\users\rustam\projetos\tfg\app\\bin\win32\debug\atfgeneratorapp.pdb
c:\users\rustam\projetos\tfg\app\\bin\win32\debug\atfgeneratorapp.exe
c:\users\rustam\projetos\tfg\app\\bin\win32\debug\atfgeneratorapp.ilk
c:\users\rustam\projetos\tfg\app\bin\win32\debug\atfgeneratorapp\atfgeneratorapp.tlog\cl.command.1.tlog
c:\users\rustam\projetos\tfg\app\bin\win32\debug\atfgeneratorapp\atfgeneratorapp.tlog\cl.read.1.tlog
c:\users\rustam\projetos\tfg\app\bin\win32\debug\atfgeneratorapp\atfgeneratorapp.tlog\cl.write.1.tlog
c:\users\rustam\projetos\tfg\app\bin\win32\debug\atfgeneratorapp\atfgeneratorapp.tlog\link.command.1.tlog
c:\users\rustam\projetos\tfg\app\bin\win32\debug\atfgeneratorapp\atfgeneratorapp.tlog\link.read.1.tlog
c:\users\rustam\projetos\tfg\app\bin\win32\debug\atfgeneratorapp\atfgeneratorapp.tlog\link.write.1.tlog
