Build started 23/03/2016 17:53:09.
     1>Project "D:\rustam\VolumeRendering\App\lqc_glutils\glutils.vcxproj" on node 4 (Rebuild target(s)).
     1>ClCompile:
         C:\Program Files (x86)\Microsoft Visual Studio 12.0\VC\bin\CL.exe /c /I..\include /ZI /nologo /W3 /WX- /Od /Oy- /D WIN32 /D _DEBUG /D _LIB /D _UNICODE /D UNICODE /Gm /EHsc /RTC1 /MDd /GS /fp:precise /Zc:wchar_t /Zc:forScope /Fo"Debug\\" /Fd"Debug\vc120.pdb" /Gd /TP /analyze- /errorReport:prompt src\GLArrayObject.cpp src\GLBufferObject.cpp src\GLCamera.cpp src\GLFrameBufferObject.cpp src\GLShader.cpp src\GLStackMatrix.cpp src\GLTexture1D.cpp src\GLTexture2D.cpp src\GLTexture3D.cpp src\GLUtils.cpp src\Shapes\GLCube.cpp src\Shapes\GLGrid.cpp
         GLGrid.cpp
         GLCube.cpp
         GLUtils.cpp
     1>d:\rustam\volumerendering\app\lqc_glutils\src\glutils.cpp(93): warning C4996: 'fopen': This function or variable may be unsafe. Consider using fopen_s instead. To disable deprecation, use _CRT_SECURE_NO_WARNINGS. See online help for details.
                 c:\program files (x86)\microsoft visual studio 12.0\vc\include\stdio.h(211) : see declaration of 'fopen'
     1>d:\rustam\volumerendering\app\lqc_glutils\src\glutils.cpp(155): warning C4996: 'fopen': This function or variable may be unsafe. Consider using fopen_s instead. To disable deprecation, use _CRT_SECURE_NO_WARNINGS. See online help for details.
                 c:\program files (x86)\microsoft visual studio 12.0\vc\include\stdio.h(211) : see declaration of 'fopen'
         GLTexture3D.cpp
     1>d:\rustam\volumerendering\app\lqc_glutils\src\gltexture3d.cpp(27): warning C4018: '<=' : signed/unsigned mismatch
         GLTexture2D.cpp
         GLTexture1D.cpp
         GLStackMatrix.cpp
     1>d:\rustam\volumerendering\app\include\math\matrix4.h(55): warning C4244: 'argument' : conversion from 'double' to 'float', possible loss of data
     1>d:\rustam\volumerendering\app\include\math\matrix4.h(56): warning C4244: 'argument' : conversion from 'double' to 'float', possible loss of data
         GLShader.cpp
     1>d:\rustam\volumerendering\app\include\math\matrix4.h(55): warning C4244: 'argument' : conversion from 'double' to 'float', possible loss of data
     1>d:\rustam\volumerendering\app\include\math\matrix4.h(56): warning C4244: 'argument' : conversion from 'double' to 'float', possible loss of data
     1>d:\rustam\volumerendering\app\lqc_glutils\src\glshader.cpp(669): warning C4996: 'fopen': This function or variable may be unsafe. Consider using fopen_s instead. To disable deprecation, use _CRT_SECURE_NO_WARNINGS. See online help for details.
                 c:\program files (x86)\microsoft visual studio 12.0\vc\include\stdio.h(211) : see declaration of 'fopen'
         GLFrameBufferObject.cpp
         GLCamera.cpp
     1>d:\rustam\volumerendering\app\include\math\matrix4.h(55): warning C4244: 'argument' : conversion from 'double' to 'float', possible loss of data
     1>d:\rustam\volumerendering\app\include\math\matrix4.h(56): warning C4244: 'argument' : conversion from 'double' to 'float', possible loss of data
     1>d:\rustam\volumerendering\app\lqc_glutils\src\glcamera.cpp(39): warning C4244: 'argument' : conversion from 'int' to 'float', possible loss of data
         GLBufferObject.cpp
         GLArrayObject.cpp
         Generating Code...
       Lib:
         C:\Program Files (x86)\Microsoft Visual Studio 12.0\VC\bin\Lib.exe /OUT:"D:\rustam\VolumeRendering\App\\lib\glutils\glutils_d.lib" /LIBPATH:..\lib /NOLOGO Debug\GLArrayObject.obj
         Debug\GLBufferObject.obj
         Debug\GLCamera.obj
         Debug\GLFrameBufferObject.obj
         Debug\GLShader.obj
         Debug\GLStackMatrix.obj
         Debug\GLTexture1D.obj
         Debug\GLTexture2D.obj
         Debug\GLTexture3D.obj
         Debug\GLUtils.obj
         Debug\GLCube.obj
         Debug\GLGrid.obj
         glutils.vcxproj -> D:\rustam\VolumeRendering\App\\lib\glutils\glutils_d.lib
     1>Done Building Project "D:\rustam\VolumeRendering\App\lqc_glutils\glutils.vcxproj" (Rebuild target(s)).

Build succeeded.

Time Elapsed 00:00:08.02
