d:\rustam\volumerendering\app\lqc_glutils\debug\vc120.pdb
d:\rustam\volumerendering\app\lqc_glutils\debug\vc120.idb
d:\rustam\volumerendering\app\lqc_glutils\debug\glarrayobject.obj
d:\rustam\volumerendering\app\lqc_glutils\debug\glbufferobject.obj
d:\rustam\volumerendering\app\lqc_glutils\debug\glcamera.obj
d:\rustam\volumerendering\app\lqc_glutils\debug\glframebufferobject.obj
d:\rustam\volumerendering\app\lqc_glutils\debug\glshader.obj
d:\rustam\volumerendering\app\lqc_glutils\debug\glstackmatrix.obj
d:\rustam\volumerendering\app\lqc_glutils\debug\gltexture1d.obj
d:\rustam\volumerendering\app\lqc_glutils\debug\gltexture2d.obj
d:\rustam\volumerendering\app\lqc_glutils\debug\gltexture3d.obj
d:\rustam\volumerendering\app\lqc_glutils\debug\glutils.obj
d:\rustam\volumerendering\app\lqc_glutils\debug\glcube.obj
d:\rustam\volumerendering\app\lqc_glutils\debug\glgrid.obj
d:\rustam\volumerendering\app\lib\glutils\glutils_d.lib
d:\rustam\volumerendering\app\\lib\glutils\glutils_d.lib
d:\rustam\volumerendering\app\lqc_glutils\debug\_lib_glutils.tlog\cl.command.1.tlog
d:\rustam\volumerendering\app\lqc_glutils\debug\_lib_glutils.tlog\cl.read.1.tlog
d:\rustam\volumerendering\app\lqc_glutils\debug\_lib_glutils.tlog\cl.write.1.tlog
d:\rustam\volumerendering\app\lqc_glutils\debug\_lib_glutils.tlog\lib-link.read.1.tlog
d:\rustam\volumerendering\app\lqc_glutils\debug\_lib_glutils.tlog\lib-link.write.1.tlog
d:\rustam\volumerendering\app\lqc_glutils\debug\_lib_glutils.tlog\lib.command.1.tlog
