c:\users\rustam\projetos\tfg\app\bin\win32\release\atfgeneratorapp.bsc
c:\users\rustam\projetos\tfg\app\bin\win32\release\atfgeneratorapp\vc120.pdb
c:\users\rustam\projetos\tfg\app\bin\win32\release\atfgeneratorapp\rendereradaptive.sbr
c:\users\rustam\projetos\tfg\app\bin\win32\release\atfgeneratorapp\userinterfaceadaptive.sbr
c:\users\rustam\projetos\tfg\app\bin\win32\release\atfgeneratorapp\viewmethodadaptive.sbr
c:\users\rustam\projetos\tfg\app\bin\win32\release\atfgeneratorapp\atfgenerator.sbr
c:\users\rustam\projetos\tfg\app\bin\win32\release\atfgeneratorapp\derivativemask.sbr
c:\users\rustam\projetos\tfg\app\bin\win32\release\atfgeneratorapp\fasttfgenerator.sbr
c:\users\rustam\projetos\tfg\app\bin\win32\release\atfgeneratorapp\histogram.sbr
c:\users\rustam\projetos\tfg\app\bin\win32\release\atfgeneratorapp\pgmfile.sbr
c:\users\rustam\projetos\tfg\app\bin\win32\release\atfgeneratorapp\functiondesigner.sbr
c:\users\rustam\projetos\tfg\app\bin\win32\release\atfgeneratorapp\cputimer.sbr
c:\users\rustam\projetos\tfg\app\bin\win32\release\atfgeneratorapp\coupled.sbr
c:\users\rustam\projetos\tfg\app\bin\win32\release\atfgeneratorapp\decoupled.sbr
c:\users\rustam\projetos\tfg\app\bin\win32\release\atfgeneratorapp\evaluator.sbr
c:\users\rustam\projetos\tfg\app\bin\win32\release\atfgeneratorapp\renderercpu.sbr
c:\users\rustam\projetos\tfg\app\bin\win32\release\atfgeneratorapp\riemannsummation.sbr
c:\users\rustam\projetos\tfg\app\bin\win32\release\atfgeneratorapp\simpsonerrorhalfprojectionintegrator.sbr
c:\users\rustam\projetos\tfg\app\bin\win32\release\atfgeneratorapp\simpsonerrorintegrator.sbr
c:\users\rustam\projetos\tfg\app\bin\win32\release\atfgeneratorapp\simpsonerrorhalfintegrator.sbr
c:\users\rustam\projetos\tfg\app\bin\win32\release\atfgeneratorapp\simpsonerrorprojectionintegrator.sbr
c:\users\rustam\projetos\tfg\app\bin\win32\release\atfgeneratorapp\simpsonerrorquadraticintegrator.sbr
c:\users\rustam\projetos\tfg\app\bin\win32\release\atfgeneratorapp\simpsonerrorquadraticintegrator.obj
c:\users\rustam\projetos\tfg\app\bin\win32\release\atfgeneratorapp\simpsonerrorprojectionintegrator.obj
c:\users\rustam\projetos\tfg\app\bin\win32\release\atfgeneratorapp\simpsonerrorhalfintegrator.obj
c:\users\rustam\projetos\tfg\app\bin\win32\release\atfgeneratorapp\simpsonerrorintegrator.obj
c:\users\rustam\projetos\tfg\app\bin\win32\release\atfgeneratorapp\simpsonerrorhalfprojectionintegrator.obj
c:\users\rustam\projetos\tfg\app\bin\win32\release\atfgeneratorapp\riemannsummation.obj
c:\users\rustam\projetos\tfg\app\bin\win32\release\atfgeneratorapp\renderercpu.obj
c:\users\rustam\projetos\tfg\app\bin\win32\release\atfgeneratorapp\evaluator.obj
c:\users\rustam\projetos\tfg\app\bin\win32\release\atfgeneratorapp\decoupled.obj
c:\users\rustam\projetos\tfg\app\bin\win32\release\atfgeneratorapp\coupled.obj
c:\users\rustam\projetos\tfg\app\bin\win32\release\atfgeneratorapp\cputimer.obj
c:\users\rustam\projetos\tfg\app\bin\win32\release\atfgeneratorapp\functiondesigner.obj
c:\users\rustam\projetos\tfg\app\bin\win32\release\atfgeneratorapp\pgmfile.obj
c:\users\rustam\projetos\tfg\app\bin\win32\release\atfgeneratorapp\histogram.obj
c:\users\rustam\projetos\tfg\app\bin\win32\release\atfgeneratorapp\fasttfgenerator.obj
c:\users\rustam\projetos\tfg\app\bin\win32\release\atfgeneratorapp\derivativemask.obj
c:\users\rustam\projetos\tfg\app\bin\win32\release\atfgeneratorapp\atfgenerator.obj
c:\users\rustam\projetos\tfg\app\bin\win32\release\atfgeneratorapp\viewmethodadaptive.obj
c:\users\rustam\projetos\tfg\app\bin\win32\release\atfgeneratorapp\userinterfaceadaptive.obj
c:\users\rustam\projetos\tfg\app\bin\win32\release\atfgeneratorapp\rendereradaptive.obj
c:\users\rustam\projetos\tfg\app\bin\win32\release\atfgeneratorapp\simpsonhalfintegrator.sbr
c:\users\rustam\projetos\tfg\app\bin\win32\release\atfgeneratorapp\simpsonhalfiterateintegrator.sbr
c:\users\rustam\projetos\tfg\app\bin\win32\release\atfgeneratorapp\simpsonhalfiteratorriemannerror.sbr
c:\users\rustam\projetos\tfg\app\bin\win32\release\atfgeneratorapp\simpsonhalfqueueintegrator.sbr
c:\users\rustam\projetos\tfg\app\bin\win32\release\atfgeneratorapp\simpsonintegrator.sbr
c:\users\rustam\projetos\tfg\app\bin\win32\release\atfgeneratorapp\simpsonrule.sbr
c:\users\rustam\projetos\tfg\app\bin\win32\release\atfgeneratorapp\userinterfacecpu.sbr
c:\users\rustam\projetos\tfg\app\bin\win32\release\atfgeneratorapp\viewmethodcpu.sbr
c:\users\rustam\projetos\tfg\app\bin\win32\release\atfgeneratorapp\volumeevaluator.sbr
c:\users\rustam\projetos\tfg\app\bin\win32\release\atfgeneratorapp\rendererequidistant.sbr
c:\users\rustam\projetos\tfg\app\bin\win32\release\atfgeneratorapp\userinterfaceequidistant.sbr
c:\users\rustam\projetos\tfg\app\bin\win32\release\atfgeneratorapp\viewmethodequidistant.sbr
c:\users\rustam\projetos\tfg\app\bin\win32\release\atfgeneratorapp\ern2drenderer.sbr
c:\users\rustam\projetos\tfg\app\bin\win32\release\atfgeneratorapp\ern2duserinterface.sbr
c:\users\rustam\projetos\tfg\app\bin\win32\release\atfgeneratorapp\ern2dviewmethod.sbr
c:\users\rustam\projetos\tfg\app\bin\win32\release\atfgeneratorapp\volume2d.sbr
c:\users\rustam\projetos\tfg\app\bin\win32\release\atfgeneratorapp\ernrenderer.sbr
c:\users\rustam\projetos\tfg\app\bin\win32\release\atfgeneratorapp\ernuserinterface.sbr
c:\users\rustam\projetos\tfg\app\bin\win32\release\atfgeneratorapp\ernviewmethod.sbr
c:\users\rustam\projetos\tfg\app\bin\win32\release\atfgeneratorapp\gbuffer.sbr
c:\users\rustam\projetos\tfg\app\bin\win32\release\atfgeneratorapp\gbuffer.obj
c:\users\rustam\projetos\tfg\app\bin\win32\release\atfgeneratorapp\ernviewmethod.obj
c:\users\rustam\projetos\tfg\app\bin\win32\release\atfgeneratorapp\ernuserinterface.obj
c:\users\rustam\projetos\tfg\app\bin\win32\release\atfgeneratorapp\ernrenderer.obj
c:\users\rustam\projetos\tfg\app\bin\win32\release\atfgeneratorapp\volume2d.obj
c:\users\rustam\projetos\tfg\app\bin\win32\release\atfgeneratorapp\ern2dviewmethod.obj
c:\users\rustam\projetos\tfg\app\bin\win32\release\atfgeneratorapp\ern2duserinterface.obj
c:\users\rustam\projetos\tfg\app\bin\win32\release\atfgeneratorapp\ern2drenderer.obj
c:\users\rustam\projetos\tfg\app\bin\win32\release\atfgeneratorapp\viewmethodequidistant.obj
c:\users\rustam\projetos\tfg\app\bin\win32\release\atfgeneratorapp\userinterfaceequidistant.obj
c:\users\rustam\projetos\tfg\app\bin\win32\release\atfgeneratorapp\rendererequidistant.obj
c:\users\rustam\projetos\tfg\app\bin\win32\release\atfgeneratorapp\volumeevaluator.obj
c:\users\rustam\projetos\tfg\app\bin\win32\release\atfgeneratorapp\viewmethodcpu.obj
c:\users\rustam\projetos\tfg\app\bin\win32\release\atfgeneratorapp\userinterfacecpu.obj
c:\users\rustam\projetos\tfg\app\bin\win32\release\atfgeneratorapp\simpsonrule.obj
c:\users\rustam\projetos\tfg\app\bin\win32\release\atfgeneratorapp\simpsonintegrator.obj
c:\users\rustam\projetos\tfg\app\bin\win32\release\atfgeneratorapp\simpsonhalfqueueintegrator.obj
c:\users\rustam\projetos\tfg\app\bin\win32\release\atfgeneratorapp\simpsonhalfiteratorriemannerror.obj
c:\users\rustam\projetos\tfg\app\bin\win32\release\atfgeneratorapp\simpsonhalfiterateintegrator.obj
c:\users\rustam\projetos\tfg\app\bin\win32\release\atfgeneratorapp\simpsonhalfintegrator.obj
c:\users\rustam\projetos\tfg\app\bin\win32\release\atfgeneratorapp\rendererglsl2p.sbr
c:\users\rustam\projetos\tfg\app\bin\win32\release\atfgeneratorapp\userinterfaceglsl2p.sbr
c:\users\rustam\projetos\tfg\app\bin\win32\release\atfgeneratorapp\viewmethodglsl2p.sbr
c:\users\rustam\projetos\tfg\app\bin\win32\release\atfgeneratorapp\rendererias.sbr
c:\users\rustam\projetos\tfg\app\bin\win32\release\atfgeneratorapp\userinterfaceias.sbr
c:\users\rustam\projetos\tfg\app\bin\win32\release\atfgeneratorapp\viewmethodias.sbr
c:\users\rustam\projetos\tfg\app\bin\win32\release\atfgeneratorapp\main.sbr
c:\users\rustam\projetos\tfg\app\bin\win32\release\atfgeneratorapp\cell.sbr
c:\users\rustam\projetos\tfg\app\bin\win32\release\atfgeneratorapp\tank.sbr
c:\users\rustam\projetos\tfg\app\bin\win32\release\atfgeneratorapp\transferfunctionsviewer.sbr
c:\users\rustam\projetos\tfg\app\bin\win32\release\atfgeneratorapp\viewer.sbr
c:\users\rustam\projetos\tfg\app\bin\win32\release\atfgeneratorapp\viewerinterface.sbr
c:\users\rustam\projetos\tfg\app\bin\win32\release\atfgeneratorapp\viewerinterface.obj
c:\users\rustam\projetos\tfg\app\bin\win32\release\atfgeneratorapp\viewer.obj
c:\users\rustam\projetos\tfg\app\bin\win32\release\atfgeneratorapp\transferfunctionsviewer.obj
c:\users\rustam\projetos\tfg\app\bin\win32\release\atfgeneratorapp\tank.obj
c:\users\rustam\projetos\tfg\app\bin\win32\release\atfgeneratorapp\cell.obj
c:\users\rustam\projetos\tfg\app\bin\win32\release\atfgeneratorapp\main.obj
c:\users\rustam\projetos\tfg\app\bin\win32\release\atfgeneratorapp\viewmethodias.obj
c:\users\rustam\projetos\tfg\app\bin\win32\release\atfgeneratorapp\userinterfaceias.obj
c:\users\rustam\projetos\tfg\app\bin\win32\release\atfgeneratorapp\rendererias.obj
c:\users\rustam\projetos\tfg\app\bin\win32\release\atfgeneratorapp\viewmethodglsl2p.obj
c:\users\rustam\projetos\tfg\app\bin\win32\release\atfgeneratorapp\userinterfaceglsl2p.obj
c:\users\rustam\projetos\tfg\app\bin\win32\release\atfgeneratorapp\rendererglsl2p.obj
c:\users\rustam\projetos\tfg\app\bin\win32\release\atfgeneratorapp.exe
c:\users\rustam\projetos\tfg\app\bin\win32\release\atfgeneratorapp.pdb
c:\users\rustam\projetos\tfg\app\\bin\win32\release\atfgeneratorapp.pdb
c:\users\rustam\projetos\tfg\app\\bin\win32\release\atfgeneratorapp.exe
c:\users\rustam\projetos\tfg\app\\bin\win32\release\atfgeneratorapp.bsc
c:\users\rustam\projetos\tfg\app\bin\win32\release\atfgeneratorapp\atfgeneratorapp.tlog\bscmake.command.1.tlog
c:\users\rustam\projetos\tfg\app\bin\win32\release\atfgeneratorapp\atfgeneratorapp.tlog\bscmake.read.1.tlog
c:\users\rustam\projetos\tfg\app\bin\win32\release\atfgeneratorapp\atfgeneratorapp.tlog\bscmake.write.1.tlog
c:\users\rustam\projetos\tfg\app\bin\win32\release\atfgeneratorapp\atfgeneratorapp.tlog\cl.command.1.tlog
c:\users\rustam\projetos\tfg\app\bin\win32\release\atfgeneratorapp\atfgeneratorapp.tlog\cl.read.1.tlog
c:\users\rustam\projetos\tfg\app\bin\win32\release\atfgeneratorapp\atfgeneratorapp.tlog\cl.write.1.tlog
c:\users\rustam\projetos\tfg\app\bin\win32\release\atfgeneratorapp\atfgeneratorapp.tlog\link.command.1.tlog
c:\users\rustam\projetos\tfg\app\bin\win32\release\atfgeneratorapp\atfgeneratorapp.tlog\link.read.1.tlog
c:\users\rustam\projetos\tfg\app\bin\win32\release\atfgeneratorapp\atfgeneratorapp.tlog\link.write.1.tlog
