  main.cpp
C:\Users\Rustam\Projetos\TFG\App\include\math/Matrix4.h(55): warning C4244: 'argument' : conversion from 'double' to 'float', possible loss of data
C:\Users\Rustam\Projetos\TFG\App\include\math/Matrix4.h(56): warning C4244: 'argument' : conversion from 'double' to 'float', possible loss of data
C:\Users\Rustam\Projetos\TFG\App\include\volrend\ScalarField.h(149): warning C4244: 'return' : conversion from 'double' to 'int', possible loss of data
C:\Users\Rustam\Projetos\TFG\App\include\volrend\ScalarField.h(159): warning C4244: 'return' : conversion from 'const double' to 'int', possible loss of data
C:\Users\Rustam\Projetos\TFG\App\include\volrend\ScalarField.h(164): warning C4244: 'return' : conversion from 'const double' to 'int', possible loss of data
C:\Users\Rustam\Projetos\TFG\App\include\volrend\TransferFunction.h(12): warning C4005: 'PI' : macro redefinition
          C:\Users\Rustam\Projetos\TFG\App\include\math/Matrix4.h(19) : see previous definition of 'PI'
c:\users\rustam\projetos\tfg\app\atfgenerator\src\Viewer.h(158): warning C4800: 'int' : forcing value to bool 'true' or 'false' (performance warning)
  raytracer.lib(RTCamera.obj) : MSIL .netmodule or module compiled with /GL found; restarting link with /LTCG; add /LTCG to the link command line to improve linker performance
  Generating code
  Finished generating code
raytracer.lib(RTCamera.obj) : warning LNK4099: PDB 'vc120.pdb' was not found with 'raytracer.lib(RTCamera.obj)' or at 'C:\Users\Rustam\Projetos\TFG\App\bin\Win32\Release\vc120.pdb'; linking object as if no debug info
raytracer.lib(RTRay.obj) : warning LNK4099: PDB 'vc120.pdb' was not found with 'raytracer.lib(RTRay.obj)' or at 'C:\Users\Rustam\Projetos\TFG\App\bin\Win32\Release\vc120.pdb'; linking object as if no debug info
raytracer.lib(RTAABB.obj) : warning LNK4099: PDB 'vc120.pdb' was not found with 'raytracer.lib(RTAABB.obj)' or at 'C:\Users\Rustam\Projetos\TFG\App\bin\Win32\Release\vc120.pdb'; linking object as if no debug info
raytracer.lib(RTObject.obj) : warning LNK4099: PDB 'vc120.pdb' was not found with 'raytracer.lib(RTObject.obj)' or at 'C:\Users\Rustam\Projetos\TFG\App\bin\Win32\Release\vc120.pdb'; linking object as if no debug info
volrend.lib(Vector3.obj) : warning LNK4099: PDB 'vc120.pdb' was not found with 'volrend.lib(Vector3.obj)' or at 'C:\Users\Rustam\Projetos\TFG\App\bin\Win32\Release\vc120.pdb'; linking object as if no debug info
volrend.lib(Camera_glm.obj) : warning LNK4099: PDB 'vc120.pdb' was not found with 'volrend.lib(Camera_glm.obj)' or at 'C:\Users\Rustam\Projetos\TFG\App\bin\Win32\Release\vc120.pdb'; linking object as if no debug info
volrend.lib(MGeometry.obj) : warning LNK4099: PDB 'vc120.pdb' was not found with 'volrend.lib(MGeometry.obj)' or at 'C:\Users\Rustam\Projetos\TFG\App\bin\Win32\Release\vc120.pdb'; linking object as if no debug info
volrend.lib(Vector4.obj) : warning LNK4099: PDB 'vc120.pdb' was not found with 'volrend.lib(Vector4.obj)' or at 'C:\Users\Rustam\Projetos\TFG\App\bin\Win32\Release\vc120.pdb'; linking object as if no debug info
volrend.lib(MUtils.obj) : warning LNK4099: PDB 'vc120.pdb' was not found with 'volrend.lib(MUtils.obj)' or at 'C:\Users\Rustam\Projetos\TFG\App\bin\Win32\Release\vc120.pdb'; linking object as if no debug info
volrend.lib(Quaternion.obj) : warning LNK4099: PDB 'vc120.pdb' was not found with 'volrend.lib(Quaternion.obj)' or at 'C:\Users\Rustam\Projetos\TFG\App\bin\Win32\Release\vc120.pdb'; linking object as if no debug info
volrend.lib(Camera.obj) : warning LNK4099: PDB 'vc120.pdb' was not found with 'volrend.lib(Camera.obj)' or at 'C:\Users\Rustam\Projetos\TFG\App\bin\Win32\Release\vc120.pdb'; linking object as if no debug info
volrend.lib(Vector2.obj) : warning LNK4099: PDB 'vc120.pdb' was not found with 'volrend.lib(Vector2.obj)' or at 'C:\Users\Rustam\Projetos\TFG\App\bin\Win32\Release\vc120.pdb'; linking object as if no debug info
volrend.lib(diicooksvd.obj) : warning LNK4099: PDB 'vc120.pdb' was not found with 'volrend.lib(diicooksvd.obj)' or at 'C:\Users\Rustam\Projetos\TFG\App\bin\Win32\Release\vc120.pdb'; linking object as if no debug info
glutils.lib(GLTexture3D.obj) : warning LNK4099: PDB 'vc120.pdb' was not found with 'glutils.lib(GLTexture3D.obj)' or at 'C:\Users\Rustam\Projetos\TFG\App\bin\Win32\Release\vc120.pdb'; linking object as if no debug info
glutils.lib(GLShader.obj) : warning LNK4099: PDB 'vc120.pdb' was not found with 'glutils.lib(GLShader.obj)' or at 'C:\Users\Rustam\Projetos\TFG\App\bin\Win32\Release\vc120.pdb'; linking object as if no debug info
glutils.lib(GLArrayObject.obj) : warning LNK4099: PDB 'vc120.pdb' was not found with 'glutils.lib(GLArrayObject.obj)' or at 'C:\Users\Rustam\Projetos\TFG\App\bin\Win32\Release\vc120.pdb'; linking object as if no debug info
glutils.lib(GLBufferObject.obj) : warning LNK4099: PDB 'vc120.pdb' was not found with 'glutils.lib(GLBufferObject.obj)' or at 'C:\Users\Rustam\Projetos\TFG\App\bin\Win32\Release\vc120.pdb'; linking object as if no debug info
glutils.lib(GLStackMatrix.obj) : warning LNK4099: PDB 'vc120.pdb' was not found with 'glutils.lib(GLStackMatrix.obj)' or at 'C:\Users\Rustam\Projetos\TFG\App\bin\Win32\Release\vc120.pdb'; linking object as if no debug info
glutils.lib(GLUtils.obj) : warning LNK4099: PDB 'vc120.pdb' was not found with 'glutils.lib(GLUtils.obj)' or at 'C:\Users\Rustam\Projetos\TFG\App\bin\Win32\Release\vc120.pdb'; linking object as if no debug info
glutils.lib(GLTexture2D.obj) : warning LNK4099: PDB 'vc120.pdb' was not found with 'glutils.lib(GLTexture2D.obj)' or at 'C:\Users\Rustam\Projetos\TFG\App\bin\Win32\Release\vc120.pdb'; linking object as if no debug info
glutils.lib(GLTexture1D.obj) : warning LNK4099: PDB 'vc120.pdb' was not found with 'glutils.lib(GLTexture1D.obj)' or at 'C:\Users\Rustam\Projetos\TFG\App\bin\Win32\Release\vc120.pdb'; linking object as if no debug info
lqc.lib(RAWLoader.obj) : warning LNK4099: PDB 'vc120.pdb' was not found with 'lqc.lib(RAWLoader.obj)' or at 'C:\Users\Rustam\Projetos\TFG\App\bin\Win32\Release\vc120.pdb'; linking object as if no debug info
lqc.lib(Utils.obj) : warning LNK4099: PDB 'vc120.pdb' was not found with 'lqc.lib(Utils.obj)' or at 'C:\Users\Rustam\Projetos\TFG\App\bin\Win32\Release\vc120.pdb'; linking object as if no debug info
  ATFGeneratorApp.vcxproj -> C:\Users\Rustam\Projetos\TFG\App\\bin\Win32\Release\ATFGeneratorApp.exe
