raytracer_d.lib(RTCamera.obj) : warning LNK4099: PDB 'vc120.pdb' was not found with 'raytracer_d.lib(RTCamera.obj)' or at 'C:\Users\Rustam\Projetos\TFG\App\bin\x64\Debug\vc120.pdb'; linking object as if no debug info
raytracer_d.lib(RTRay.obj) : warning LNK4099: PDB 'vc120.pdb' was not found with 'raytracer_d.lib(RTRay.obj)' or at 'C:\Users\Rustam\Projetos\TFG\App\bin\x64\Debug\vc120.pdb'; linking object as if no debug info
raytracer_d.lib(RTAABB.obj) : warning LNK4099: PDB 'vc120.pdb' was not found with 'raytracer_d.lib(RTAABB.obj)' or at 'C:\Users\Rustam\Projetos\TFG\App\bin\x64\Debug\vc120.pdb'; linking object as if no debug info
raytracer_d.lib(RTObject.obj) : warning LNK4099: PDB 'vc120.pdb' was not found with 'raytracer_d.lib(RTObject.obj)' or at 'C:\Users\Rustam\Projetos\TFG\App\bin\x64\Debug\vc120.pdb'; linking object as if no debug info
raytracer_d.lib(Vector4.obj) : warning LNK4099: PDB 'vc120.pdb' was not found with 'raytracer_d.lib(Vector4.obj)' or at 'C:\Users\Rustam\Projetos\TFG\App\bin\x64\Debug\vc120.pdb'; linking object as if no debug info
raytracer_d.lib(Vector3.obj) : warning LNK4099: PDB 'vc120.pdb' was not found with 'raytracer_d.lib(Vector3.obj)' or at 'C:\Users\Rustam\Projetos\TFG\App\bin\x64\Debug\vc120.pdb'; linking object as if no debug info
raytracer_d.lib(Vector2.obj) : warning LNK4099: PDB 'vc120.pdb' was not found with 'raytracer_d.lib(Vector2.obj)' or at 'C:\Users\Rustam\Projetos\TFG\App\bin\x64\Debug\vc120.pdb'; linking object as if no debug info
raytracer_d.lib(Quaternion.obj) : warning LNK4099: PDB 'vc120.pdb' was not found with 'raytracer_d.lib(Quaternion.obj)' or at 'C:\Users\Rustam\Projetos\TFG\App\bin\x64\Debug\vc120.pdb'; linking object as if no debug info
raytracer_d.lib(MUtils.obj) : warning LNK4099: PDB 'vc120.pdb' was not found with 'raytracer_d.lib(MUtils.obj)' or at 'C:\Users\Rustam\Projetos\TFG\App\bin\x64\Debug\vc120.pdb'; linking object as if no debug info
raytracer_d.lib(MGeometry.obj) : warning LNK4099: PDB 'vc120.pdb' was not found with 'raytracer_d.lib(MGeometry.obj)' or at 'C:\Users\Rustam\Projetos\TFG\App\bin\x64\Debug\vc120.pdb'; linking object as if no debug info
raytracer_d.lib(Camera_glm.obj) : warning LNK4099: PDB 'vc120.pdb' was not found with 'raytracer_d.lib(Camera_glm.obj)' or at 'C:\Users\Rustam\Projetos\TFG\App\bin\x64\Debug\vc120.pdb'; linking object as if no debug info
raytracer_d.lib(Camera.obj) : warning LNK4099: PDB 'vc120.pdb' was not found with 'raytracer_d.lib(Camera.obj)' or at 'C:\Users\Rustam\Projetos\TFG\App\bin\x64\Debug\vc120.pdb'; linking object as if no debug info
glutils_d.lib(GLArrayObject.obj) : warning LNK4099: PDB 'vc120.pdb' was not found with 'glutils_d.lib(GLArrayObject.obj)' or at 'C:\Users\Rustam\Projetos\TFG\App\bin\x64\Debug\vc120.pdb'; linking object as if no debug info
glutils_d.lib(GLBufferObject.obj) : warning LNK4099: PDB 'vc120.pdb' was not found with 'glutils_d.lib(GLBufferObject.obj)' or at 'C:\Users\Rustam\Projetos\TFG\App\bin\x64\Debug\vc120.pdb'; linking object as if no debug info
glutils_d.lib(GLShader.obj) : warning LNK4099: PDB 'vc120.pdb' was not found with 'glutils_d.lib(GLShader.obj)' or at 'C:\Users\Rustam\Projetos\TFG\App\bin\x64\Debug\vc120.pdb'; linking object as if no debug info
glutils_d.lib(GLStackMatrix.obj) : warning LNK4099: PDB 'vc120.pdb' was not found with 'glutils_d.lib(GLStackMatrix.obj)' or at 'C:\Users\Rustam\Projetos\TFG\App\bin\x64\Debug\vc120.pdb'; linking object as if no debug info
glutils_d.lib(GLTexture1D.obj) : warning LNK4099: PDB 'vc120.pdb' was not found with 'glutils_d.lib(GLTexture1D.obj)' or at 'C:\Users\Rustam\Projetos\TFG\App\bin\x64\Debug\vc120.pdb'; linking object as if no debug info
glutils_d.lib(GLTexture2D.obj) : warning LNK4099: PDB 'vc120.pdb' was not found with 'glutils_d.lib(GLTexture2D.obj)' or at 'C:\Users\Rustam\Projetos\TFG\App\bin\x64\Debug\vc120.pdb'; linking object as if no debug info
glutils_d.lib(GLTexture3D.obj) : warning LNK4099: PDB 'vc120.pdb' was not found with 'glutils_d.lib(GLTexture3D.obj)' or at 'C:\Users\Rustam\Projetos\TFG\App\bin\x64\Debug\vc120.pdb'; linking object as if no debug info
glutils_d.lib(GLUtils.obj) : warning LNK4099: PDB 'vc120.pdb' was not found with 'glutils_d.lib(GLUtils.obj)' or at 'C:\Users\Rustam\Projetos\TFG\App\bin\x64\Debug\vc120.pdb'; linking object as if no debug info
lqc_d.lib(RAWLoader.obj) : warning LNK4099: PDB 'vc120.pdb' was not found with 'lqc_d.lib(RAWLoader.obj)' or at 'C:\Users\Rustam\Projetos\TFG\App\bin\x64\Debug\vc120.pdb'; linking object as if no debug info
lqc_d.lib(Utils.obj) : warning LNK4099: PDB 'vc120.pdb' was not found with 'lqc_d.lib(Utils.obj)' or at 'C:\Users\Rustam\Projetos\TFG\App\bin\x64\Debug\vc120.pdb'; linking object as if no debug info
lqc_d.lib(diicooksvd.obj) : warning LNK4099: PDB 'vc120.pdb' was not found with 'lqc_d.lib(diicooksvd.obj)' or at 'C:\Users\Rustam\Projetos\TFG\App\bin\x64\Debug\vc120.pdb'; linking object as if no debug info
  LQCVolRender.vcxproj -> C:\Users\Rustam\Projetos\TFG\App\\bin\x64\Debug\LQCVolRender.exe
