  RendererCPU.cpp
c:\users\rustam\projetos\vis\app\lqcvolrender\src\cpu\RendererCPU.h(10): fatal error C1083: Cannot open include file: 'pthread.h': No such file or directory
  UserInterfaceCPU.cpp
src\CPU\UserInterfaceCPU.cpp(3): fatal error C1083: Cannot open include file: 'pthread.h': No such file or directory
  ViewMethodCPU.cpp
c:\users\rustam\projetos\vis\app\lqcvolrender\src\cpu\RendererCPU.h(10): fatal error C1083: Cannot open include file: 'pthread.h': No such file or directory
  Volume2D.cpp
C:\Users\Rustam\Projetos\VIS\App\include\math/Matrix4.h(55): warning C4244: 'argument' : conversion from 'double' to 'float', possible loss of data
C:\Users\Rustam\Projetos\VIS\App\include\math/Matrix4.h(56): warning C4244: 'argument' : conversion from 'double' to 'float', possible loss of data
c:\users\rustam\projetos\vis\app\include\atfg\ScalarField.h(155): warning C4244: 'return' : conversion from 'double' to 'int', possible loss of data
c:\users\rustam\projetos\vis\app\include\atfg\ScalarField.h(165): warning C4244: 'return' : conversion from 'const double' to 'int', possible loss of data
c:\users\rustam\projetos\vis\app\include\atfg\ScalarField.h(170): warning C4244: 'return' : conversion from 'const double' to 'int', possible loss of data
c:\users\rustam\projetos\vis\app\include\atfg\TransferFunction.h(12): warning C4005: 'PI' : macro redefinition
          C:\Users\Rustam\Projetos\VIS\App\include\math/Matrix4.h(19) : see previous definition of 'PI'
  Viewer.cpp
C:\Users\Rustam\Projetos\VIS\App\include\math/Matrix4.h(55): warning C4244: 'argument' : conversion from 'double' to 'float', possible loss of data
C:\Users\Rustam\Projetos\VIS\App\include\math/Matrix4.h(56): warning C4244: 'argument' : conversion from 'double' to 'float', possible loss of data
c:\users\rustam\projetos\vis\app\include\atfg\ScalarField.h(155): warning C4244: 'return' : conversion from 'double' to 'int', possible loss of data
c:\users\rustam\projetos\vis\app\include\atfg\ScalarField.h(165): warning C4244: 'return' : conversion from 'const double' to 'int', possible loss of data
c:\users\rustam\projetos\vis\app\include\atfg\ScalarField.h(170): warning C4244: 'return' : conversion from 'const double' to 'int', possible loss of data
c:\users\rustam\projetos\vis\app\include\atfg\TransferFunction.h(12): warning C4005: 'PI' : macro redefinition
          C:\Users\Rustam\Projetos\VIS\App\include\math/Matrix4.h(19) : see previous definition of 'PI'
c:\users\rustam\projetos\vis\app\lqcvolrender\src\cpu\RendererCPU.h(10): fatal error C1083: Cannot open include file: 'pthread.h': No such file or directory
  Generating Code...
