c:\users\rustam\projetos\tfg\app\bin\x64\release\lqcvolrender.bsc
c:\users\rustam\projetos\tfg\app\bin\x64\release\lqcvolrender\vc120.pdb
c:\users\rustam\projetos\tfg\app\bin\x64\release\lqcvolrender\rendereradaptive.sbr
c:\users\rustam\projetos\tfg\app\bin\x64\release\lqcvolrender\userinterfaceadaptive.sbr
c:\users\rustam\projetos\tfg\app\bin\x64\release\lqcvolrender\viewmethodadaptive.sbr
c:\users\rustam\projetos\tfg\app\bin\x64\release\lqcvolrender\cputimer.sbr
c:\users\rustam\projetos\tfg\app\bin\x64\release\lqcvolrender\coupled.sbr
c:\users\rustam\projetos\tfg\app\bin\x64\release\lqcvolrender\decoupled.sbr
c:\users\rustam\projetos\tfg\app\bin\x64\release\lqcvolrender\evaluator.sbr
c:\users\rustam\projetos\tfg\app\bin\x64\release\lqcvolrender\renderercpu.sbr
c:\users\rustam\projetos\tfg\app\bin\x64\release\lqcvolrender\riemannsummation.sbr
c:\users\rustam\projetos\tfg\app\bin\x64\release\lqcvolrender\simpsonerrorhalfprojectionintegrator.sbr
c:\users\rustam\projetos\tfg\app\bin\x64\release\lqcvolrender\simpsonerrorintegrator.sbr
c:\users\rustam\projetos\tfg\app\bin\x64\release\lqcvolrender\simpsonerrorhalfintegrator.sbr
c:\users\rustam\projetos\tfg\app\bin\x64\release\lqcvolrender\simpsonerrorprojectionintegrator.sbr
c:\users\rustam\projetos\tfg\app\bin\x64\release\lqcvolrender\simpsonerrorquadraticintegrator.sbr
c:\users\rustam\projetos\tfg\app\bin\x64\release\lqcvolrender\simpsonhalfintegrator.sbr
c:\users\rustam\projetos\tfg\app\bin\x64\release\lqcvolrender\simpsonhalfiterateintegrator.sbr
c:\users\rustam\projetos\tfg\app\bin\x64\release\lqcvolrender\simpsonhalfiteratorriemannerror.sbr
c:\users\rustam\projetos\tfg\app\bin\x64\release\lqcvolrender\simpsonhalfqueueintegrator.sbr
c:\users\rustam\projetos\tfg\app\bin\x64\release\lqcvolrender\simpsonintegrator.sbr
c:\users\rustam\projetos\tfg\app\bin\x64\release\lqcvolrender\simpsonrule.sbr
c:\users\rustam\projetos\tfg\app\bin\x64\release\lqcvolrender\simpsonrule.obj
c:\users\rustam\projetos\tfg\app\bin\x64\release\lqcvolrender\simpsonintegrator.obj
c:\users\rustam\projetos\tfg\app\bin\x64\release\lqcvolrender\simpsonhalfqueueintegrator.obj
c:\users\rustam\projetos\tfg\app\bin\x64\release\lqcvolrender\simpsonhalfiteratorriemannerror.obj
c:\users\rustam\projetos\tfg\app\bin\x64\release\lqcvolrender\simpsonhalfiterateintegrator.obj
c:\users\rustam\projetos\tfg\app\bin\x64\release\lqcvolrender\simpsonhalfintegrator.obj
c:\users\rustam\projetos\tfg\app\bin\x64\release\lqcvolrender\simpsonerrorquadraticintegrator.obj
c:\users\rustam\projetos\tfg\app\bin\x64\release\lqcvolrender\simpsonerrorprojectionintegrator.obj
c:\users\rustam\projetos\tfg\app\bin\x64\release\lqcvolrender\simpsonerrorhalfintegrator.obj
c:\users\rustam\projetos\tfg\app\bin\x64\release\lqcvolrender\simpsonerrorintegrator.obj
c:\users\rustam\projetos\tfg\app\bin\x64\release\lqcvolrender\simpsonerrorhalfprojectionintegrator.obj
c:\users\rustam\projetos\tfg\app\bin\x64\release\lqcvolrender\riemannsummation.obj
c:\users\rustam\projetos\tfg\app\bin\x64\release\lqcvolrender\renderercpu.obj
c:\users\rustam\projetos\tfg\app\bin\x64\release\lqcvolrender\evaluator.obj
c:\users\rustam\projetos\tfg\app\bin\x64\release\lqcvolrender\decoupled.obj
c:\users\rustam\projetos\tfg\app\bin\x64\release\lqcvolrender\coupled.obj
c:\users\rustam\projetos\tfg\app\bin\x64\release\lqcvolrender\cputimer.obj
c:\users\rustam\projetos\tfg\app\bin\x64\release\lqcvolrender\viewmethodadaptive.obj
c:\users\rustam\projetos\tfg\app\bin\x64\release\lqcvolrender\userinterfaceadaptive.obj
c:\users\rustam\projetos\tfg\app\bin\x64\release\lqcvolrender\rendereradaptive.obj
c:\users\rustam\projetos\tfg\app\bin\x64\release\lqcvolrender\userinterfacecpu.sbr
c:\users\rustam\projetos\tfg\app\bin\x64\release\lqcvolrender\viewmethodcpu.sbr
c:\users\rustam\projetos\tfg\app\bin\x64\release\lqcvolrender\volumeevaluator.sbr
c:\users\rustam\projetos\tfg\app\bin\x64\release\lqcvolrender\rendererequidistant.sbr
c:\users\rustam\projetos\tfg\app\bin\x64\release\lqcvolrender\userinterfaceequidistant.sbr
c:\users\rustam\projetos\tfg\app\bin\x64\release\lqcvolrender\viewmethodequidistant.sbr
c:\users\rustam\projetos\tfg\app\bin\x64\release\lqcvolrender\ern2drenderer.sbr
c:\users\rustam\projetos\tfg\app\bin\x64\release\lqcvolrender\ern2duserinterface.sbr
c:\users\rustam\projetos\tfg\app\bin\x64\release\lqcvolrender\ern2dviewmethod.sbr
c:\users\rustam\projetos\tfg\app\bin\x64\release\lqcvolrender\volume2d.sbr
c:\users\rustam\projetos\tfg\app\bin\x64\release\lqcvolrender\ernrenderer.sbr
c:\users\rustam\projetos\tfg\app\bin\x64\release\lqcvolrender\ernuserinterface.sbr
c:\users\rustam\projetos\tfg\app\bin\x64\release\lqcvolrender\ernviewmethod.sbr
c:\users\rustam\projetos\tfg\app\bin\x64\release\lqcvolrender\gbuffer.sbr
c:\users\rustam\projetos\tfg\app\bin\x64\release\lqcvolrender\rendererglsl2p.sbr
c:\users\rustam\projetos\tfg\app\bin\x64\release\lqcvolrender\userinterfaceglsl2p.sbr
c:\users\rustam\projetos\tfg\app\bin\x64\release\lqcvolrender\viewmethodglsl2p.sbr
c:\users\rustam\projetos\tfg\app\bin\x64\release\lqcvolrender\rendererias.sbr
c:\users\rustam\projetos\tfg\app\bin\x64\release\lqcvolrender\userinterfaceias.sbr
c:\users\rustam\projetos\tfg\app\bin\x64\release\lqcvolrender\viewmethodias.sbr
c:\users\rustam\projetos\tfg\app\bin\x64\release\lqcvolrender\viewmethodias.obj
c:\users\rustam\projetos\tfg\app\bin\x64\release\lqcvolrender\userinterfaceias.obj
c:\users\rustam\projetos\tfg\app\bin\x64\release\lqcvolrender\rendererias.obj
c:\users\rustam\projetos\tfg\app\bin\x64\release\lqcvolrender\viewmethodglsl2p.obj
c:\users\rustam\projetos\tfg\app\bin\x64\release\lqcvolrender\userinterfaceglsl2p.obj
c:\users\rustam\projetos\tfg\app\bin\x64\release\lqcvolrender\rendererglsl2p.obj
c:\users\rustam\projetos\tfg\app\bin\x64\release\lqcvolrender\gbuffer.obj
c:\users\rustam\projetos\tfg\app\bin\x64\release\lqcvolrender\ernviewmethod.obj
c:\users\rustam\projetos\tfg\app\bin\x64\release\lqcvolrender\ernuserinterface.obj
c:\users\rustam\projetos\tfg\app\bin\x64\release\lqcvolrender\ernrenderer.obj
c:\users\rustam\projetos\tfg\app\bin\x64\release\lqcvolrender\volume2d.obj
c:\users\rustam\projetos\tfg\app\bin\x64\release\lqcvolrender\ern2dviewmethod.obj
c:\users\rustam\projetos\tfg\app\bin\x64\release\lqcvolrender\ern2duserinterface.obj
c:\users\rustam\projetos\tfg\app\bin\x64\release\lqcvolrender\ern2drenderer.obj
c:\users\rustam\projetos\tfg\app\bin\x64\release\lqcvolrender\viewmethodequidistant.obj
c:\users\rustam\projetos\tfg\app\bin\x64\release\lqcvolrender\userinterfaceequidistant.obj
c:\users\rustam\projetos\tfg\app\bin\x64\release\lqcvolrender\rendererequidistant.obj
c:\users\rustam\projetos\tfg\app\bin\x64\release\lqcvolrender\volumeevaluator.obj
c:\users\rustam\projetos\tfg\app\bin\x64\release\lqcvolrender\viewmethodcpu.obj
c:\users\rustam\projetos\tfg\app\bin\x64\release\lqcvolrender\userinterfacecpu.obj
c:\users\rustam\projetos\tfg\app\bin\x64\release\lqcvolrender\main.sbr
c:\users\rustam\projetos\tfg\app\bin\x64\release\lqcvolrender\transferfunctionsviewer.sbr
c:\users\rustam\projetos\tfg\app\bin\x64\release\lqcvolrender\viewer.sbr
c:\users\rustam\projetos\tfg\app\bin\x64\release\lqcvolrender\viewerinterface.sbr
c:\users\rustam\projetos\tfg\app\bin\x64\release\lqcvolrender\viewerinterface.obj
c:\users\rustam\projetos\tfg\app\bin\x64\release\lqcvolrender\viewer.obj
c:\users\rustam\projetos\tfg\app\bin\x64\release\lqcvolrender\transferfunctionsviewer.obj
c:\users\rustam\projetos\tfg\app\bin\x64\release\lqcvolrender\main.obj
c:\users\rustam\projetos\vis\app\bin\x64\release\lqcvolrender\vc120.pdb
c:\users\rustam\projetos\vis\app\bin\x64\release\lqcvolrender\rendereradaptive.sbr
c:\users\rustam\projetos\vis\app\bin\x64\release\lqcvolrender\userinterfaceadaptive.sbr
c:\users\rustam\projetos\vis\app\bin\x64\release\lqcvolrender\viewmethodadaptive.sbr
c:\users\rustam\projetos\vis\app\bin\x64\release\lqcvolrender\cputimer.sbr
c:\users\rustam\projetos\vis\app\bin\x64\release\lqcvolrender\coupled.sbr
c:\users\rustam\projetos\vis\app\bin\x64\release\lqcvolrender\decoupled.sbr
c:\users\rustam\projetos\vis\app\bin\x64\release\lqcvolrender\evaluator.sbr
c:\users\rustam\projetos\vis\app\bin\x64\release\lqcvolrender\riemannsummation.sbr
c:\users\rustam\projetos\vis\app\bin\x64\release\lqcvolrender\simpsonerrorhalfprojectionintegrator.sbr
c:\users\rustam\projetos\vis\app\bin\x64\release\lqcvolrender\simpsonerrorintegrator.sbr
c:\users\rustam\projetos\vis\app\bin\x64\release\lqcvolrender\simpsonerrorhalfintegrator.sbr
c:\users\rustam\projetos\vis\app\bin\x64\release\lqcvolrender\simpsonerrorprojectionintegrator.sbr
c:\users\rustam\projetos\vis\app\bin\x64\release\lqcvolrender\simpsonerrorquadraticintegrator.sbr
c:\users\rustam\projetos\vis\app\bin\x64\release\lqcvolrender\simpsonhalfintegrator.sbr
c:\users\rustam\projetos\vis\app\bin\x64\release\lqcvolrender\simpsonhalfiterateintegrator.sbr
c:\users\rustam\projetos\vis\app\bin\x64\release\lqcvolrender\simpsonhalfiteratorriemannerror.sbr
c:\users\rustam\projetos\vis\app\bin\x64\release\lqcvolrender\simpsonhalfqueueintegrator.sbr
c:\users\rustam\projetos\vis\app\bin\x64\release\lqcvolrender\simpsonintegrator.sbr
c:\users\rustam\projetos\vis\app\bin\x64\release\lqcvolrender\simpsonrule.sbr
c:\users\rustam\projetos\vis\app\bin\x64\release\lqcvolrender\simpsonrule.obj
c:\users\rustam\projetos\vis\app\bin\x64\release\lqcvolrender\simpsonintegrator.obj
c:\users\rustam\projetos\vis\app\bin\x64\release\lqcvolrender\simpsonhalfqueueintegrator.obj
c:\users\rustam\projetos\vis\app\bin\x64\release\lqcvolrender\simpsonhalfiteratorriemannerror.obj
c:\users\rustam\projetos\vis\app\bin\x64\release\lqcvolrender\simpsonhalfiterateintegrator.obj
c:\users\rustam\projetos\vis\app\bin\x64\release\lqcvolrender\decoupled.obj
c:\users\rustam\projetos\vis\app\bin\x64\release\lqcvolrender\coupled.obj
c:\users\rustam\projetos\vis\app\bin\x64\release\lqcvolrender\cputimer.obj
c:\users\rustam\projetos\vis\app\bin\x64\release\lqcvolrender\userinterfaceadaptive.obj
c:\users\rustam\projetos\vis\app\bin\x64\release\lqcvolrender\volumeevaluator.sbr
c:\users\rustam\projetos\vis\app\bin\x64\release\lqcvolrender\rendererequidistant.sbr
c:\users\rustam\projetos\vis\app\bin\x64\release\lqcvolrender\userinterfaceequidistant.sbr
c:\users\rustam\projetos\vis\app\bin\x64\release\lqcvolrender\viewmethodequidistant.sbr
c:\users\rustam\projetos\vis\app\bin\x64\release\lqcvolrender\ern2drenderer.sbr
c:\users\rustam\projetos\vis\app\bin\x64\release\lqcvolrender\ern2duserinterface.sbr
c:\users\rustam\projetos\vis\app\bin\x64\release\lqcvolrender\ern2dviewmethod.sbr
c:\users\rustam\projetos\vis\app\bin\x64\release\lqcvolrender\volume2d.sbr
c:\users\rustam\projetos\vis\app\bin\x64\release\lqcvolrender\ernrenderer.sbr
c:\users\rustam\projetos\vis\app\bin\x64\release\lqcvolrender\ernuserinterface.sbr
c:\users\rustam\projetos\vis\app\bin\x64\release\lqcvolrender\ernviewmethod.sbr
c:\users\rustam\projetos\vis\app\bin\x64\release\lqcvolrender\gbuffer.sbr
c:\users\rustam\projetos\vis\app\bin\x64\release\lqcvolrender\rendererglsl2p.sbr
c:\users\rustam\projetos\vis\app\bin\x64\release\lqcvolrender\userinterfaceglsl2p.sbr
c:\users\rustam\projetos\vis\app\bin\x64\release\lqcvolrender\viewmethodglsl2p.sbr
c:\users\rustam\projetos\vis\app\bin\x64\release\lqcvolrender\rendererias.sbr
c:\users\rustam\projetos\vis\app\bin\x64\release\lqcvolrender\userinterfaceias.sbr
c:\users\rustam\projetos\vis\app\bin\x64\release\lqcvolrender\viewmethodias.sbr
c:\users\rustam\projetos\vis\app\bin\x64\release\lqcvolrender\userinterfaceias.obj
c:\users\rustam\projetos\vis\app\bin\x64\release\lqcvolrender\userinterfaceglsl2p.obj
c:\users\rustam\projetos\vis\app\bin\x64\release\lqcvolrender\gbuffer.obj
c:\users\rustam\projetos\vis\app\bin\x64\release\lqcvolrender\ernuserinterface.obj
c:\users\rustam\projetos\vis\app\bin\x64\release\lqcvolrender\ern2duserinterface.obj
c:\users\rustam\projetos\vis\app\bin\x64\release\lqcvolrender\ern2drenderer.obj
c:\users\rustam\projetos\vis\app\bin\x64\release\lqcvolrender\userinterfaceequidistant.obj
c:\users\rustam\projetos\vis\app\bin\x64\release\lqcvolrender\main.sbr
c:\users\rustam\projetos\vis\app\bin\x64\release\lqcvolrender\transferfunctionsviewer.sbr
c:\users\rustam\projetos\vis\app\bin\x64\release\lqcvolrender\viewerinterface.sbr
c:\users\rustam\projetos\vis\app\bin\x64\release\lqcvolrender\viewerinterface.obj
c:\users\rustam\projetos\vis\app\bin\x64\release\lqcvolrender\main.obj
c:\users\rustam\projetos\tfg\app\bin\x64\release\lqcvolrender.exe
c:\users\rustam\projetos\tfg\app\bin\x64\release\lqcvolrender.pdb
c:\users\rustam\projetos\vis\app\\bin\x64\release\lqcvolrender.pdb
c:\users\rustam\projetos\vis\app\\bin\x64\release\lqcvolrender.exe
c:\users\rustam\projetos\vis\app\\bin\x64\release\lqcvolrender.bsc
c:\users\rustam\projetos\vis\app\bin\x64\release\lqcvolrender\lqcvolrender.tlog\bscmake.command.1.tlog
c:\users\rustam\projetos\vis\app\bin\x64\release\lqcvolrender\lqcvolrender.tlog\bscmake.read.1.tlog
c:\users\rustam\projetos\vis\app\bin\x64\release\lqcvolrender\lqcvolrender.tlog\bscmake.write.1.tlog
c:\users\rustam\projetos\vis\app\bin\x64\release\lqcvolrender\lqcvolrender.tlog\cl.command.1.tlog
c:\users\rustam\projetos\vis\app\bin\x64\release\lqcvolrender\lqcvolrender.tlog\cl.read.1.tlog
c:\users\rustam\projetos\vis\app\bin\x64\release\lqcvolrender\lqcvolrender.tlog\cl.write.1.tlog
c:\users\rustam\projetos\vis\app\bin\x64\release\lqcvolrender\lqcvolrender.tlog\link.command.1.tlog
c:\users\rustam\projetos\vis\app\bin\x64\release\lqcvolrender\lqcvolrender.tlog\link.read.1.tlog
c:\users\rustam\projetos\vis\app\bin\x64\release\lqcvolrender\lqcvolrender.tlog\link.write.1.tlog
